<?xml version="1.0" encoding="utf-8"?>
<TestRun id="c6b520bd-d1b8-4c02-8c1a-142350615b29" name="JohnGrandtMarkvardHø@SPAC-38-LTP2347 2025-10-13 13:04:06" runUser="AzureAD\JohnGrandtMarkvardHø" xmlns="http://microsoft.com/schemas/VisualStudio/TeamTest/2010">
  <Times creation="2025-10-13T13:04:06.8284583+02:00" queuing="2025-10-13T13:04:06.8284588+02:00" start="2025-10-13T13:04:04.3003343+02:00" finish="2025-10-13T13:04:18.7791304+02:00" />
  <TestSettings name="default" id="f8c1f63f-5a11-4c7f-993c-0ac517ba043e">
    <Deployment runDeploymentRoot="JohnGrandtMarkvardHø_SPAC-38-LTP2347_2025-10-13_13_04_06" />
  </TestSettings>
  <Results>
    <UnitTestResult executionId="fc8623f3-cc54-4e8b-8415-a46319311e79" testId="d1b92a75-058e-e808-db2a-ae79f996c578" testName="PdfDownloader.Tests.Integration.ExcelIntegrationTests.MetadataLoader_reads_real_excel_and_maps_BRnum_and_PdfURL" computerName="SPAC-38-LTP2347" duration="00:00:08.1679451" startTime="2025-10-13T13:04:14.0240747+02:00" endTime="2025-10-13T13:04:14.0240752+02:00" testType="13cdc9d9-ddb5-4fa4-a97d-d965ccfc6d4b" outcome="Passed" testListId="8c84fa94-04c1-424b-9868-57a2d4851a1d" relativeResultsDirectory="fc8623f3-cc54-4e8b-8415-a46319311e79" />
    <UnitTestResult executionId="c2b00459-4616-44f5-a4bb-4be4dcda698c" testId="1b6a6beb-8457-8bde-cee2-301957118ec9" testName="PdfDownloader.Tests.Unit.DownloadManagerTests.Skips_NonPdf_ContentType_Except_OctetStream" computerName="SPAC-38-LTP2347" duration="00:00:00.0298334" startTime="2025-10-13T13:04:05.8897929+02:00" endTime="2025-10-13T13:04:05.8897931+02:00" testType="13cdc9d9-ddb5-4fa4-a97d-d965ccfc6d4b" outcome="Passed" testListId="8c84fa94-04c1-424b-9868-57a2d4851a1d" relativeResultsDirectory="c2b00459-4616-44f5-a4bb-4be4dcda698c" />
    <UnitTestResult executionId="b49f5287-02d7-4ca5-9669-d0f577213fcf" testId="e469e520-9f06-ee3c-a70e-b5ba3c7dbf94" testName="PdfDownloader.Tests.Unit.MetadataLoaderTests.Load_From_Csv_With_Fallback" computerName="SPAC-38-LTP2347" duration="00:00:00.0086275" startTime="2025-10-13T13:04:06.9860316+02:00" endTime="2025-10-13T13:04:06.9860319+02:00" testType="13cdc9d9-ddb5-4fa4-a97d-d965ccfc6d4b" outcome="Passed" testListId="8c84fa94-04c1-424b-9868-57a2d4851a1d" relativeResultsDirectory="b49f5287-02d7-4ca5-9669-d0f577213fcf" />
    <UnitTestResult executionId="9c2c6844-2a59-42a9-ae1f-257e6b94cbd5" testId="a240b2d3-5d47-ad7d-4599-a7b6dd81c30b" testName="PdfDownloader.Tests.Integration.PipelineIntegrationTests.Csv_to_statusfile_roundtrip_smoke" computerName="SPAC-38-LTP2347" duration="00:00:12.5139142" startTime="2025-10-13T13:04:18.3699059+02:00" endTime="2025-10-13T13:04:18.3699063+02:00" testType="13cdc9d9-ddb5-4fa4-a97d-d965ccfc6d4b" outcome="Passed" testListId="8c84fa94-04c1-424b-9868-57a2d4851a1d" relativeResultsDirectory="9c2c6844-2a59-42a9-ae1f-257e6b94cbd5" />
    <UnitTestResult executionId="f7018d39-d6af-4df2-8ddf-c093f4094a83" testId="13c37515-4be9-6815-573b-5b259c457442" testName="PdfDownloader.Tests.Unit.MetadataLoaderTests.Load_From_Excel_Maps_Headers_CaseInsensitive" computerName="SPAC-38-LTP2347" duration="00:00:01.1213222" startTime="2025-10-13T13:04:06.9769403+02:00" endTime="2025-10-13T13:04:06.9769408+02:00" testType="13cdc9d9-ddb5-4fa4-a97d-d965ccfc6d4b" outcome="Passed" testListId="8c84fa94-04c1-424b-9868-57a2d4851a1d" relativeResultsDirectory="f7018d39-d6af-4df2-8ddf-c093f4094a83" />
    <UnitTestResult executionId="b8d02a99-90b0-42a3-a713-df55807f1406" testId="1bca1571-7063-f8b2-5962-057f44d8a906" testName="PdfDownloader.Tests.Unit.DownloadManagerTests.SkipExisting_When_NoOverwrite_And_NoChange" computerName="SPAC-38-LTP2347" duration="00:00:00.0106236" startTime="2025-10-13T13:04:06.5726827+02:00" endTime="2025-10-13T13:04:06.5726831+02:00" testType="13cdc9d9-ddb5-4fa4-a97d-d965ccfc6d4b" outcome="Passed" testListId="8c84fa94-04c1-424b-9868-57a2d4851a1d" relativeResultsDirectory="b8d02a99-90b0-42a3-a713-df55807f1406" />
    <UnitTestResult executionId="fd2a22e1-9d59-47e6-aa87-7001ec38f91d" testId="b2b41b2c-c52a-f73d-2777-3fdcf5387243" testName="PdfDownloader.Tests.Unit.StatusReportTests.Write_And_Read_Roundtrip" computerName="SPAC-38-LTP2347" duration="00:00:00.0364208" startTime="2025-10-13T13:04:05.8923919+02:00" endTime="2025-10-13T13:04:05.8923921+02:00" testType="13cdc9d9-ddb5-4fa4-a97d-d965ccfc6d4b" outcome="Passed" testListId="8c84fa94-04c1-424b-9868-57a2d4851a1d" relativeResultsDirectory="fd2a22e1-9d59-47e6-aa87-7001ec38f91d" />
    <UnitTestResult executionId="94afd1f7-d688-43b6-a3e0-7ef7dab8e766" testId="a769e035-58b3-1a0c-c7e6-71a2928b0382" testName="PdfDownloader.Tests.Unit.AppOptionsTests.Parse_Defaults_And_Basics" computerName="SPAC-38-LTP2347" duration="00:00:00.0146956" startTime="2025-10-13T13:04:05.8748618+02:00" endTime="2025-10-13T13:04:05.8748843+02:00" testType="13cdc9d9-ddb5-4fa4-a97d-d965ccfc6d4b" outcome="Passed" testListId="8c84fa94-04c1-424b-9868-57a2d4851a1d" relativeResultsDirectory="94afd1f7-d688-43b6-a3e0-7ef7dab8e766" />
    <UnitTestResult executionId="40f19840-6efd-4667-acf6-73490f890462" testId="4b56d6fc-ad65-8dc8-e6fc-dcbbfe496b4f" testName="PdfDownloader.Tests.Unit.AppOptionsTests.Parse_MutuallyExclusive_StatusFlags" computerName="SPAC-38-LTP2347" duration="00:00:00.0180903" startTime="2025-10-13T13:04:05.8916763+02:00" endTime="2025-10-13T13:04:05.8916765+02:00" testType="13cdc9d9-ddb5-4fa4-a97d-d965ccfc6d4b" outcome="Passed" testListId="8c84fa94-04c1-424b-9868-57a2d4851a1d" relativeResultsDirectory="40f19840-6efd-4667-acf6-73490f890462" />
    <UnitTestResult executionId="27cdd72b-721a-49f4-be3c-df8789b020ef" testId="96ccc52a-7b8f-7f0a-fc3d-929a9a648153" testName="PdfDownloader.Tests.Unit.DownloadManagerTests.Respects_MaxConcurrency" computerName="SPAC-38-LTP2347" duration="00:00:00.6696976" startTime="2025-10-13T13:04:06.5615359+02:00" endTime="2025-10-13T13:04:06.5615364+02:00" testType="13cdc9d9-ddb5-4fa4-a97d-d965ccfc6d4b" outcome="Passed" testListId="8c84fa94-04c1-424b-9868-57a2d4851a1d" relativeResultsDirectory="27cdd72b-721a-49f4-be3c-df8789b020ef" />
  </Results>
  <TestDefinitions>
    <UnitTest name="PdfDownloader.Tests.Unit.DownloadManagerTests.Respects_MaxConcurrency" storage="c:\users\johngrandtmarkvardhø\desktop\opgaver\uge 4 &amp; 5\opgave-1-pdf-downloader\tests\pdfdownloader.tests\bin\release\net9.0\pdfdownloader.tests.dll" id="96ccc52a-7b8f-7f0a-fc3d-929a9a648153">
      <Execution id="27cdd72b-721a-49f4-be3c-df8789b020ef" />
      <TestMethod codeBase="C:\Users\JohnGrandtMarkvardHø\Desktop\Opgaver\Uge 4 &amp; 5\Opgave-1-PDF-Downloader\tests\PdfDownloader.Tests\bin\Release\net9.0\PdfDownloader.Tests.dll" adapterTypeName="executor://xunit/VsTestRunner2/netcoreapp" className="PdfDownloader.Tests.Unit.DownloadManagerTests" name="Respects_MaxConcurrency" />
    </UnitTest>
    <UnitTest name="PdfDownloader.Tests.Integration.PipelineIntegrationTests.Csv_to_statusfile_roundtrip_smoke" storage="c:\users\johngrandtmarkvardhø\desktop\opgaver\uge 4 &amp; 5\opgave-1-pdf-downloader\tests\pdfdownloader.tests\bin\release\net9.0\pdfdownloader.tests.dll" id="a240b2d3-5d47-ad7d-4599-a7b6dd81c30b">
      <Execution id="9c2c6844-2a59-42a9-ae1f-257e6b94cbd5" />
      <TestMethod codeBase="C:\Users\JohnGrandtMarkvardHø\Desktop\Opgaver\Uge 4 &amp; 5\Opgave-1-PDF-Downloader\tests\PdfDownloader.Tests\bin\Release\net9.0\PdfDownloader.Tests.dll" adapterTypeName="executor://xunit/VsTestRunner2/netcoreapp" className="PdfDownloader.Tests.Integration.PipelineIntegrationTests" name="Csv_to_statusfile_roundtrip_smoke" />
    </UnitTest>
    <UnitTest name="PdfDownloader.Tests.Integration.ExcelIntegrationTests.MetadataLoader_reads_real_excel_and_maps_BRnum_and_PdfURL" storage="c:\users\johngrandtmarkvardhø\desktop\opgaver\uge 4 &amp; 5\opgave-1-pdf-downloader\tests\pdfdownloader.tests\bin\release\net9.0\pdfdownloader.tests.dll" id="d1b92a75-058e-e808-db2a-ae79f996c578">
      <Execution id="fc8623f3-cc54-4e8b-8415-a46319311e79" />
      <TestMethod codeBase="C:\Users\JohnGrandtMarkvardHø\Desktop\Opgaver\Uge 4 &amp; 5\Opgave-1-PDF-Downloader\tests\PdfDownloader.Tests\bin\Release\net9.0\PdfDownloader.Tests.dll" adapterTypeName="executor://xunit/VsTestRunner2/netcoreapp" className="PdfDownloader.Tests.Integration.ExcelIntegrationTests" name="MetadataLoader_reads_real_excel_and_maps_BRnum_and_PdfURL" />
    </UnitTest>
    <UnitTest name="PdfDownloader.Tests.Unit.MetadataLoaderTests.Load_From_Csv_With_Fallback" storage="c:\users\johngrandtmarkvardhø\desktop\opgaver\uge 4 &amp; 5\opgave-1-pdf-downloader\tests\pdfdownloader.tests\bin\release\net9.0\pdfdownloader.tests.dll" id="e469e520-9f06-ee3c-a70e-b5ba3c7dbf94">
      <Execution id="b49f5287-02d7-4ca5-9669-d0f577213fcf" />
      <TestMethod codeBase="C:\Users\JohnGrandtMarkvardHø\Desktop\Opgaver\Uge 4 &amp; 5\Opgave-1-PDF-Downloader\tests\PdfDownloader.Tests\bin\Release\net9.0\PdfDownloader.Tests.dll" adapterTypeName="executor://xunit/VsTestRunner2/netcoreapp" className="PdfDownloader.Tests.Unit.MetadataLoaderTests" name="Load_From_Csv_With_Fallback" />
    </UnitTest>
    <UnitTest name="PdfDownloader.Tests.Unit.AppOptionsTests.Parse_MutuallyExclusive_StatusFlags" storage="c:\users\johngrandtmarkvardhø\desktop\opgaver\uge 4 &amp; 5\opgave-1-pdf-downloader\tests\pdfdownloader.tests\bin\release\net9.0\pdfdownloader.tests.dll" id="4b56d6fc-ad65-8dc8-e6fc-dcbbfe496b4f">
      <Execution id="40f19840-6efd-4667-acf6-73490f890462" />
      <TestMethod codeBase="C:\Users\JohnGrandtMarkvardHø\Desktop\Opgaver\Uge 4 &amp; 5\Opgave-1-PDF-Downloader\tests\PdfDownloader.Tests\bin\Release\net9.0\PdfDownloader.Tests.dll" adapterTypeName="executor://xunit/VsTestRunner2/netcoreapp" className="PdfDownloader.Tests.Unit.AppOptionsTests" name="Parse_MutuallyExclusive_StatusFlags" />
    </UnitTest>
    <UnitTest name="PdfDownloader.Tests.Unit.MetadataLoaderTests.Load_From_Excel_Maps_Headers_CaseInsensitive" storage="c:\users\johngrandtmarkvardhø\desktop\opgaver\uge 4 &amp; 5\opgave-1-pdf-downloader\tests\pdfdownloader.tests\bin\release\net9.0\pdfdownloader.tests.dll" id="13c37515-4be9-6815-573b-5b259c457442">
      <Execution id="f7018d39-d6af-4df2-8ddf-c093f4094a83" />
      <TestMethod codeBase="C:\Users\JohnGrandtMarkvardHø\Desktop\Opgaver\Uge 4 &amp; 5\Opgave-1-PDF-Downloader\tests\PdfDownloader.Tests\bin\Release\net9.0\PdfDownloader.Tests.dll" adapterTypeName="executor://xunit/VsTestRunner2/netcoreapp" className="PdfDownloader.Tests.Unit.MetadataLoaderTests" name="Load_From_Excel_Maps_Headers_CaseInsensitive" />
    </UnitTest>
    <UnitTest name="PdfDownloader.Tests.Unit.DownloadManagerTests.Skips_NonPdf_ContentType_Except_OctetStream" storage="c:\users\johngrandtmarkvardhø\desktop\opgaver\uge 4 &amp; 5\opgave-1-pdf-downloader\tests\pdfdownloader.tests\bin\release\net9.0\pdfdownloader.tests.dll" id="1b6a6beb-8457-8bde-cee2-301957118ec9">
      <Execution id="c2b00459-4616-44f5-a4bb-4be4dcda698c" />
      <TestMethod codeBase="C:\Users\JohnGrandtMarkvardHø\Desktop\Opgaver\Uge 4 &amp; 5\Opgave-1-PDF-Downloader\tests\PdfDownloader.Tests\bin\Release\net9.0\PdfDownloader.Tests.dll" adapterTypeName="executor://xunit/VsTestRunner2/netcoreapp" className="PdfDownloader.Tests.Unit.DownloadManagerTests" name="Skips_NonPdf_ContentType_Except_OctetStream" />
    </UnitTest>
    <UnitTest name="PdfDownloader.Tests.Unit.AppOptionsTests.Parse_Defaults_And_Basics" storage="c:\users\johngrandtmarkvardhø\desktop\opgaver\uge 4 &amp; 5\opgave-1-pdf-downloader\tests\pdfdownloader.tests\bin\release\net9.0\pdfdownloader.tests.dll" id="a769e035-58b3-1a0c-c7e6-71a2928b0382">
      <Execution id="94afd1f7-d688-43b6-a3e0-7ef7dab8e766" />
      <TestMethod codeBase="C:\Users\JohnGrandtMarkvardHø\Desktop\Opgaver\Uge 4 &amp; 5\Opgave-1-PDF-Downloader\tests\PdfDownloader.Tests\bin\Release\net9.0\PdfDownloader.Tests.dll" adapterTypeName="executor://xunit/VsTestRunner2/netcoreapp" className="PdfDownloader.Tests.Unit.AppOptionsTests" name="Parse_Defaults_And_Basics" />
    </UnitTest>
    <UnitTest name="PdfDownloader.Tests.Unit.DownloadManagerTests.SkipExisting_When_NoOverwrite_And_NoChange" storage="c:\users\johngrandtmarkvardhø\desktop\opgaver\uge 4 &amp; 5\opgave-1-pdf-downloader\tests\pdfdownloader.tests\bin\release\net9.0\pdfdownloader.tests.dll" id="1bca1571-7063-f8b2-5962-057f44d8a906">
      <Execution id="b8d02a99-90b0-42a3-a713-df55807f1406" />
      <TestMethod codeBase="C:\Users\JohnGrandtMarkvardHø\Desktop\Opgaver\Uge 4 &amp; 5\Opgave-1-PDF-Downloader\tests\PdfDownloader.Tests\bin\Release\net9.0\PdfDownloader.Tests.dll" adapterTypeName="executor://xunit/VsTestRunner2/netcoreapp" className="PdfDownloader.Tests.Unit.DownloadManagerTests" name="SkipExisting_When_NoOverwrite_And_NoChange" />
    </UnitTest>
    <UnitTest name="PdfDownloader.Tests.Unit.StatusReportTests.Write_And_Read_Roundtrip" storage="c:\users\johngrandtmarkvardhø\desktop\opgaver\uge 4 &amp; 5\opgave-1-pdf-downloader\tests\pdfdownloader.tests\bin\release\net9.0\pdfdownloader.tests.dll" id="b2b41b2c-c52a-f73d-2777-3fdcf5387243">
      <Execution id="fd2a22e1-9d59-47e6-aa87-7001ec38f91d" />
      <TestMethod codeBase="C:\Users\JohnGrandtMarkvardHø\Desktop\Opgaver\Uge 4 &amp; 5\Opgave-1-PDF-Downloader\tests\PdfDownloader.Tests\bin\Release\net9.0\PdfDownloader.Tests.dll" adapterTypeName="executor://xunit/VsTestRunner2/netcoreapp" className="PdfDownloader.Tests.Unit.StatusReportTests" name="Write_And_Read_Roundtrip" />
    </UnitTest>
  </TestDefinitions>
  <TestEntries>
    <TestEntry testId="d1b92a75-058e-e808-db2a-ae79f996c578" executionId="fc8623f3-cc54-4e8b-8415-a46319311e79" testListId="8c84fa94-04c1-424b-9868-57a2d4851a1d" />
    <TestEntry testId="1b6a6beb-8457-8bde-cee2-301957118ec9" executionId="c2b00459-4616-44f5-a4bb-4be4dcda698c" testListId="8c84fa94-04c1-424b-9868-57a2d4851a1d" />
    <TestEntry testId="e469e520-9f06-ee3c-a70e-b5ba3c7dbf94" executionId="b49f5287-02d7-4ca5-9669-d0f577213fcf" testListId="8c84fa94-04c1-424b-9868-57a2d4851a1d" />
    <TestEntry testId="a240b2d3-5d47-ad7d-4599-a7b6dd81c30b" executionId="9c2c6844-2a59-42a9-ae1f-257e6b94cbd5" testListId="8c84fa94-04c1-424b-9868-57a2d4851a1d" />
    <TestEntry testId="13c37515-4be9-6815-573b-5b259c457442" executionId="f7018d39-d6af-4df2-8ddf-c093f4094a83" testListId="8c84fa94-04c1-424b-9868-57a2d4851a1d" />
    <TestEntry testId="1bca1571-7063-f8b2-5962-057f44d8a906" executionId="b8d02a99-90b0-42a3-a713-df55807f1406" testListId="8c84fa94-04c1-424b-9868-57a2d4851a1d" />
    <TestEntry testId="b2b41b2c-c52a-f73d-2777-3fdcf5387243" executionId="fd2a22e1-9d59-47e6-aa87-7001ec38f91d" testListId="8c84fa94-04c1-424b-9868-57a2d4851a1d" />
    <TestEntry testId="a769e035-58b3-1a0c-c7e6-71a2928b0382" executionId="94afd1f7-d688-43b6-a3e0-7ef7dab8e766" testListId="8c84fa94-04c1-424b-9868-57a2d4851a1d" />
    <TestEntry testId="4b56d6fc-ad65-8dc8-e6fc-dcbbfe496b4f" executionId="40f19840-6efd-4667-acf6-73490f890462" testListId="8c84fa94-04c1-424b-9868-57a2d4851a1d" />
    <TestEntry testId="96ccc52a-7b8f-7f0a-fc3d-929a9a648153" executionId="27cdd72b-721a-49f4-be3c-df8789b020ef" testListId="8c84fa94-04c1-424b-9868-57a2d4851a1d" />
  </TestEntries>
  <TestLists>
    <TestList name="Results Not in a List" id="8c84fa94-04c1-424b-9868-57a2d4851a1d" />
    <TestList name="All Loaded Results" id="19431567-8539-422a-85d7-44ee4e166bda" />
  </TestLists>
  <ResultSummary outcome="Completed">
    <Counters total="10" executed="10" passed="10" failed="0" error="0" timeout="0" aborted="0" inconclusive="0" passedButRunAborted="0" notRunnable="0" notExecuted="0" disconnected="0" warning="0" completed="0" inProgress="0" pending="0" />
    <Output>
      <StdOut>[xUnit.net 00:00:00.00] xUnit.net VSTest Adapter v2.8.2+699d445a1a (64-bit .NET 9.0.9)&#xD;
[xUnit.net 00:00:00.49]   Discovering: PdfDownloader.Tests&#xD;
[xUnit.net 00:00:00.53]   Discovered:  PdfDownloader.Tests&#xD;
[xUnit.net 00:00:00.53]   Starting:    PdfDownloader.Tests&#xD;
Opsummering:&#xD;
  Hentet: 2&#xD;
  Skippet (allerede hentet/ingen �ndring): 0&#xD;
  Fejlet: 3&#xD;
  Ingen URL: 0&#xD;
Statusrapport appendet i C:\Users\JohnGrandtMarkvardH�\AppData\Local\Temp\pdf-out-bc8111e6-a296-455c-92fe-8136d2e5da3a\status.csv&#xD;
Opsummering:&#xD;
  Hentet: 1&#xD;
  Skippet (allerede hentet/ingen �ndring): 0&#xD;
  Fejlet: 4&#xD;
  Ingen URL: 0&#xD;
Statusrapport appendet i C:\Users\JohnGrandtMarkvardH�\AppData\Local\Temp\pipe-ae447cfe-4dd8-4eb7-8e89-2ea8976fa008\status.csv&#xD;
[xUnit.net 00:00:13.09]   Finished:    PdfDownloader.Tests&#xD;
</StdOut>
    </Output>
    <CollectorDataEntries>
      <Collector agentName="SPAC-38-LTP2347" uri="datacollector://microsoft/CoverletCodeCoverage/1.0" collectorDisplayName="XPlat code coverage">
        <UriAttachments>
          <UriAttachment>
            <A href="SPAC-38-LTP2347\coverage.cobertura.xml"></A>
          </UriAttachment>
        </UriAttachments>
      </Collector>
    </CollectorDataEntries>
  </ResultSummary>
</TestRun>