<?xml version="1.0" encoding="utf-8"?>
<TestRun id="5d65ee79-323f-439a-8802-8b756c9c0b7f" name="JohnGrandtMarkvardHø@SPAC-38-LTP2347 2025-10-15 09:55:34" runUser="AzureAD\JohnGrandtMarkvardHø" xmlns="http://microsoft.com/schemas/VisualStudio/TeamTest/2010">
  <Times creation="2025-10-15T09:55:34.1978203+02:00" queuing="2025-10-15T09:55:34.1978208+02:00" start="2025-10-15T09:55:31.2088542+02:00" finish="2025-10-15T09:55:45.9453031+02:00" />
  <TestSettings name="default" id="776ea7a1-7a3f-485a-9432-d30a2911a1b6">
    <Deployment runDeploymentRoot="JohnGrandtMarkvardHø_SPAC-38-LTP2347_2025-10-15_09_55_34" />
  </TestSettings>
  <Results>
    <UnitTestResult executionId="f379e60b-e479-4bc6-ac68-9f3cb528592a" testId="96ccc52a-7b8f-7f0a-fc3d-929a9a648153" testName="PdfDownloader.Tests.Unit.DownloadManagerTests.Respects_MaxConcurrency" computerName="SPAC-38-LTP2347" duration="00:00:00.6492163" startTime="2025-10-15T09:55:34.7899886+02:00" endTime="2025-10-15T09:55:34.7899888+02:00" testType="13cdc9d9-ddb5-4fa4-a97d-d965ccfc6d4b" outcome="Passed" testListId="8c84fa94-04c1-424b-9868-57a2d4851a1d" relativeResultsDirectory="f379e60b-e479-4bc6-ac68-9f3cb528592a" />
    <UnitTestResult executionId="edb0789d-7c65-4209-9507-46181404b18e" testId="4b56d6fc-ad65-8dc8-e6fc-dcbbfe496b4f" testName="PdfDownloader.Tests.Unit.AppOptionsTests.Parse_MutuallyExclusive_StatusFlags" computerName="SPAC-38-LTP2347" duration="00:00:00.0079922" startTime="2025-10-15T09:55:34.1262994+02:00" endTime="2025-10-15T09:55:34.1262996+02:00" testType="13cdc9d9-ddb5-4fa4-a97d-d965ccfc6d4b" outcome="Passed" testListId="8c84fa94-04c1-424b-9868-57a2d4851a1d" relativeResultsDirectory="edb0789d-7c65-4209-9507-46181404b18e" />
    <UnitTestResult executionId="65986a6e-c864-45b6-ae2c-3054468b0158" testId="e469e520-9f06-ee3c-a70e-b5ba3c7dbf94" testName="PdfDownloader.Tests.Unit.MetadataLoaderTests.Load_From_Csv_With_Fallback" computerName="SPAC-38-LTP2347" duration="00:00:00.0325217" startTime="2025-10-15T09:55:35.1849558+02:00" endTime="2025-10-15T09:55:35.1849562+02:00" testType="13cdc9d9-ddb5-4fa4-a97d-d965ccfc6d4b" outcome="Passed" testListId="8c84fa94-04c1-424b-9868-57a2d4851a1d" relativeResultsDirectory="65986a6e-c864-45b6-ae2c-3054468b0158" />
    <UnitTestResult executionId="b13a8a89-e544-4518-ae5c-17037d562a4e" testId="a240b2d3-5d47-ad7d-4599-a7b6dd81c30b" testName="PdfDownloader.Tests.Integration.PipelineIntegrationTests.Csv_to_statusfile_roundtrip_smoke" computerName="SPAC-38-LTP2347" duration="00:00:11.1613775" startTime="2025-10-15T09:55:45.2611082+02:00" endTime="2025-10-15T09:55:45.2611087+02:00" testType="13cdc9d9-ddb5-4fa4-a97d-d965ccfc6d4b" outcome="Passed" testListId="8c84fa94-04c1-424b-9868-57a2d4851a1d" relativeResultsDirectory="b13a8a89-e544-4518-ae5c-17037d562a4e" />
    <UnitTestResult executionId="4e542d37-ab3c-4445-95e5-ef11ba893c74" testId="09012306-059e-edf0-ffc8-1dcfcdcddbef" testName="PdfDownloader.Tests.Unit.DownloadManagerTests.NonPdf_ContentType_Surfaces_As_ContentType_Reason" computerName="SPAC-38-LTP2347" duration="00:00:00.0019695" startTime="2025-10-15T09:55:34.1577789+02:00" endTime="2025-10-15T09:55:34.1577789+02:00" testType="13cdc9d9-ddb5-4fa4-a97d-d965ccfc6d4b" outcome="Passed" testListId="8c84fa94-04c1-424b-9868-57a2d4851a1d" relativeResultsDirectory="4e542d37-ab3c-4445-95e5-ef11ba893c74" />
    <UnitTestResult executionId="d40d4159-509d-4da6-88cf-e5181a5ebb8b" testId="24ca141c-ca0f-7f78-e50d-b5bdb3ff611d" testName="PdfDownloader.Tests.Unit.DownloadManagerTests.DetectChanges_Overwrites_When_Changed_Even_Without_OverwriteDownloads" computerName="SPAC-38-LTP2347" duration="00:00:00.0081627" startTime="2025-10-15T09:55:34.8397991+02:00" endTime="2025-10-15T09:55:34.8397992+02:00" testType="13cdc9d9-ddb5-4fa4-a97d-d965ccfc6d4b" outcome="Passed" testListId="8c84fa94-04c1-424b-9868-57a2d4851a1d" relativeResultsDirectory="d40d4159-509d-4da6-88cf-e5181a5ebb8b" />
    <UnitTestResult executionId="9386e24f-59fe-4cc3-9379-6e5ece4ccd47" testId="e38cbe26-0f43-ebc7-eb65-b144847c7876" testName="PdfDownloader.Tests.Unit.DownloadManagerTests.OverwriteDownloads_True_With_KeepOldOnChange_Renames_Old_File" computerName="SPAC-38-LTP2347" duration="00:00:00.0407435" startTime="2025-10-15T09:55:34.8312375+02:00" endTime="2025-10-15T09:55:34.8312379+02:00" testType="13cdc9d9-ddb5-4fa4-a97d-d965ccfc6d4b" outcome="Passed" testListId="8c84fa94-04c1-424b-9868-57a2d4851a1d" relativeResultsDirectory="9386e24f-59fe-4cc3-9379-6e5ece4ccd47" />
    <UnitTestResult executionId="3aaa9023-e0e6-4e22-8f2c-4dbac064ebfa" testId="92b7bb56-1f64-f7e3-a555-0c26e0846567" testName="PdfDownloader.Tests.Unit.AppOptionsTests.KeepOldOnChange_Is_Implied_By_OverwriteDownloads" computerName="SPAC-38-LTP2347" duration="00:00:00.0002099" startTime="2025-10-15T09:55:34.1245956+02:00" endTime="2025-10-15T09:55:34.1245956+02:00" testType="13cdc9d9-ddb5-4fa4-a97d-d965ccfc6d4b" outcome="Passed" testListId="8c84fa94-04c1-424b-9868-57a2d4851a1d" relativeResultsDirectory="3aaa9023-e0e6-4e22-8f2c-4dbac064ebfa" />
    <UnitTestResult executionId="3f47370e-7ed6-402c-ac3f-6125b378fa8c" testId="d1b92a75-058e-e808-db2a-ae79f996c578" testName="PdfDownloader.Tests.Integration.ExcelIntegrationTests.MetadataLoader_reads_real_excel_and_maps_BRnum_and_PdfURL" computerName="SPAC-38-LTP2347" duration="00:00:08.2343519" startTime="2025-10-15T09:55:42.3342431+02:00" endTime="2025-10-15T09:55:42.3342435+02:00" testType="13cdc9d9-ddb5-4fa4-a97d-d965ccfc6d4b" outcome="Passed" testListId="8c84fa94-04c1-424b-9868-57a2d4851a1d" relativeResultsDirectory="3f47370e-7ed6-402c-ac3f-6125b378fa8c" />
    <UnitTestResult executionId="987c21c5-0979-4238-ae2f-7b0fa5379adc" testId="2369fdd2-0552-c370-b267-a36db94d8b72" testName="PdfDownloader.Tests.Unit.DownloadManagerTests.Timeout_Is_Reported_As_Failed_With_Timeout_Message" computerName="SPAC-38-LTP2347" duration="00:00:00.0020012" startTime="2025-10-15T09:55:34.8744327+02:00" endTime="2025-10-15T09:55:34.8744328+02:00" testType="13cdc9d9-ddb5-4fa4-a97d-d965ccfc6d4b" outcome="Passed" testListId="8c84fa94-04c1-424b-9868-57a2d4851a1d" relativeResultsDirectory="987c21c5-0979-4238-ae2f-7b0fa5379adc" />
    <UnitTestResult executionId="c27cb569-6324-4732-9ea3-e91d572b24d5" testId="ab72640d-1e8d-a7b8-41f6-ab778e15d563" testName="PdfDownloader.Tests.Unit.AppOptionsTests.Unknown_Extension_Throws" computerName="SPAC-38-LTP2347" duration="00:00:00.0129949" startTime="2025-10-15T09:55:34.1149644+02:00" endTime="2025-10-15T09:55:34.1149808+02:00" testType="13cdc9d9-ddb5-4fa4-a97d-d965ccfc6d4b" outcome="Passed" testListId="8c84fa94-04c1-424b-9868-57a2d4851a1d" relativeResultsDirectory="c27cb569-6324-4732-9ea3-e91d572b24d5" />
    <UnitTestResult executionId="ad1a799b-10d7-4bec-b5a2-82c278b1468e" testId="e1c1ee38-caa7-aa73-9891-28eff5d66276" testName="PdfDownloader.Tests.Unit.AppOptionsTests.NoSkipExisting_Flag_Disables_Skip" computerName="SPAC-38-LTP2347" duration="00:00:00.0001549" startTime="2025-10-15T09:55:34.1241738+02:00" endTime="2025-10-15T09:55:34.1241739+02:00" testType="13cdc9d9-ddb5-4fa4-a97d-d965ccfc6d4b" outcome="Passed" testListId="8c84fa94-04c1-424b-9868-57a2d4851a1d" relativeResultsDirectory="ad1a799b-10d7-4bec-b5a2-82c278b1468e" />
    <UnitTestResult executionId="2c393075-3889-4909-8d25-d912c8714ea2" testId="a769e035-58b3-1a0c-c7e6-71a2928b0382" testName="PdfDownloader.Tests.Unit.AppOptionsTests.Parse_Defaults_And_Basics" computerName="SPAC-38-LTP2347" duration="00:00:00.0030976" startTime="2025-10-15T09:55:34.1233597+02:00" endTime="2025-10-15T09:55:34.1233598+02:00" testType="13cdc9d9-ddb5-4fa4-a97d-d965ccfc6d4b" outcome="Passed" testListId="8c84fa94-04c1-424b-9868-57a2d4851a1d" relativeResultsDirectory="2c393075-3889-4909-8d25-d912c8714ea2" />
    <UnitTestResult executionId="7a7190e4-1d66-4a57-9284-77a7135d4128" testId="13c37515-4be9-6815-573b-5b259c457442" testName="PdfDownloader.Tests.Unit.MetadataLoaderTests.Load_From_Excel_Maps_Headers_CaseInsensitive" computerName="SPAC-38-LTP2347" duration="00:00:01.0524885" startTime="2025-10-15T09:55:35.1520230+02:00" endTime="2025-10-15T09:55:35.1520234+02:00" testType="13cdc9d9-ddb5-4fa4-a97d-d965ccfc6d4b" outcome="Passed" testListId="8c84fa94-04c1-424b-9868-57a2d4851a1d" relativeResultsDirectory="7a7190e4-1d66-4a57-9284-77a7135d4128" />
    <UnitTestResult executionId="0de35e8f-fe09-4863-8bd0-47d531e3cbac" testId="7aa33c9c-66d7-f99b-4977-755717606dfc" testName="PdfDownloader.Tests.Unit.DownloadManagerTests.KeepOldOnChange_Renames_Old_File" computerName="SPAC-38-LTP2347" duration="00:00:00.0196279" startTime="2025-10-15T09:55:34.8642838+02:00" endTime="2025-10-15T09:55:34.8642840+02:00" testType="13cdc9d9-ddb5-4fa4-a97d-d965ccfc6d4b" outcome="Passed" testListId="8c84fa94-04c1-424b-9868-57a2d4851a1d" relativeResultsDirectory="0de35e8f-fe09-4863-8bd0-47d531e3cbac" />
    <UnitTestResult executionId="8fe0ecb5-d0fb-46b9-bff8-43031906aa71" testId="1bca1571-7063-f8b2-5962-057f44d8a906" testName="PdfDownloader.Tests.Unit.DownloadManagerTests.SkipExisting_When_NoOverwrite_And_NoChange" computerName="SPAC-38-LTP2347" duration="00:00:00.0076404" startTime="2025-10-15T09:55:34.8723503+02:00" endTime="2025-10-15T09:55:34.8723505+02:00" testType="13cdc9d9-ddb5-4fa4-a97d-d965ccfc6d4b" outcome="Passed" testListId="8c84fa94-04c1-424b-9868-57a2d4851a1d" relativeResultsDirectory="8fe0ecb5-d0fb-46b9-bff8-43031906aa71" />
    <UnitTestResult executionId="fe89c78e-e356-4bb0-ae0f-6acba10ee5ff" testId="133de07d-5563-15a9-7cb1-97c8e6c9c09b" testName="PdfDownloader.Tests.Unit.DownloadManagerTests.NoUrl_Results_In_NoUrl_Outcome" computerName="SPAC-38-LTP2347" duration="00:00:00.0025704" startTime="2025-10-15T09:55:34.1572219+02:00" endTime="2025-10-15T09:55:34.1572221+02:00" testType="13cdc9d9-ddb5-4fa4-a97d-d965ccfc6d4b" outcome="Passed" testListId="8c84fa94-04c1-424b-9868-57a2d4851a1d" relativeResultsDirectory="fe89c78e-e356-4bb0-ae0f-6acba10ee5ff" />
    <UnitTestResult executionId="e14020b6-c85f-4179-b4e9-9b89a563417c" testId="1b6a6beb-8457-8bde-cee2-301957118ec9" testName="PdfDownloader.Tests.Unit.DownloadManagerTests.Skips_NonPdf_ContentType_Except_OctetStream" computerName="SPAC-38-LTP2347" duration="00:00:00.0327119" startTime="2025-10-15T09:55:34.1345420+02:00" endTime="2025-10-15T09:55:34.1345423+02:00" testType="13cdc9d9-ddb5-4fa4-a97d-d965ccfc6d4b" outcome="Passed" testListId="8c84fa94-04c1-424b-9868-57a2d4851a1d" relativeResultsDirectory="e14020b6-c85f-4179-b4e9-9b89a563417c" />
  </Results>
  <TestDefinitions>
    <UnitTest name="PdfDownloader.Tests.Unit.DownloadManagerTests.KeepOldOnChange_Renames_Old_File" storage="c:\users\johngrandtmarkvardhø\desktop\opgaver\uge 4 &amp; 5\opgave-1-pdf-downloader\tests\pdfdownloader.tests\bin\release\net9.0\pdfdownloader.tests.dll" id="7aa33c9c-66d7-f99b-4977-755717606dfc">
      <Execution id="0de35e8f-fe09-4863-8bd0-47d531e3cbac" />
      <TestMethod codeBase="C:\Users\JohnGrandtMarkvardHø\Desktop\Opgaver\Uge 4 &amp; 5\Opgave-1-PDF-Downloader\tests\PdfDownloader.Tests\bin\Release\net9.0\PdfDownloader.Tests.dll" adapterTypeName="executor://xunit/VsTestRunner2/netcoreapp" className="PdfDownloader.Tests.Unit.DownloadManagerTests" name="KeepOldOnChange_Renames_Old_File" />
    </UnitTest>
    <UnitTest name="PdfDownloader.Tests.Unit.DownloadManagerTests.NoUrl_Results_In_NoUrl_Outcome" storage="c:\users\johngrandtmarkvardhø\desktop\opgaver\uge 4 &amp; 5\opgave-1-pdf-downloader\tests\pdfdownloader.tests\bin\release\net9.0\pdfdownloader.tests.dll" id="133de07d-5563-15a9-7cb1-97c8e6c9c09b">
      <Execution id="fe89c78e-e356-4bb0-ae0f-6acba10ee5ff" />
      <TestMethod codeBase="C:\Users\JohnGrandtMarkvardHø\Desktop\Opgaver\Uge 4 &amp; 5\Opgave-1-PDF-Downloader\tests\PdfDownloader.Tests\bin\Release\net9.0\PdfDownloader.Tests.dll" adapterTypeName="executor://xunit/VsTestRunner2/netcoreapp" className="PdfDownloader.Tests.Unit.DownloadManagerTests" name="NoUrl_Results_In_NoUrl_Outcome" />
    </UnitTest>
    <UnitTest name="PdfDownloader.Tests.Unit.AppOptionsTests.NoSkipExisting_Flag_Disables_Skip" storage="c:\users\johngrandtmarkvardhø\desktop\opgaver\uge 4 &amp; 5\opgave-1-pdf-downloader\tests\pdfdownloader.tests\bin\release\net9.0\pdfdownloader.tests.dll" id="e1c1ee38-caa7-aa73-9891-28eff5d66276">
      <Execution id="ad1a799b-10d7-4bec-b5a2-82c278b1468e" />
      <TestMethod codeBase="C:\Users\JohnGrandtMarkvardHø\Desktop\Opgaver\Uge 4 &amp; 5\Opgave-1-PDF-Downloader\tests\PdfDownloader.Tests\bin\Release\net9.0\PdfDownloader.Tests.dll" adapterTypeName="executor://xunit/VsTestRunner2/netcoreapp" className="PdfDownloader.Tests.Unit.AppOptionsTests" name="NoSkipExisting_Flag_Disables_Skip" />
    </UnitTest>
    <UnitTest name="PdfDownloader.Tests.Integration.ExcelIntegrationTests.MetadataLoader_reads_real_excel_and_maps_BRnum_and_PdfURL" storage="c:\users\johngrandtmarkvardhø\desktop\opgaver\uge 4 &amp; 5\opgave-1-pdf-downloader\tests\pdfdownloader.tests\bin\release\net9.0\pdfdownloader.tests.dll" id="d1b92a75-058e-e808-db2a-ae79f996c578">
      <Execution id="3f47370e-7ed6-402c-ac3f-6125b378fa8c" />
      <TestMethod codeBase="C:\Users\JohnGrandtMarkvardHø\Desktop\Opgaver\Uge 4 &amp; 5\Opgave-1-PDF-Downloader\tests\PdfDownloader.Tests\bin\Release\net9.0\PdfDownloader.Tests.dll" adapterTypeName="executor://xunit/VsTestRunner2/netcoreapp" className="PdfDownloader.Tests.Integration.ExcelIntegrationTests" name="MetadataLoader_reads_real_excel_and_maps_BRnum_and_PdfURL" />
    </UnitTest>
    <UnitTest name="PdfDownloader.Tests.Unit.DownloadManagerTests.NonPdf_ContentType_Surfaces_As_ContentType_Reason" storage="c:\users\johngrandtmarkvardhø\desktop\opgaver\uge 4 &amp; 5\opgave-1-pdf-downloader\tests\pdfdownloader.tests\bin\release\net9.0\pdfdownloader.tests.dll" id="09012306-059e-edf0-ffc8-1dcfcdcddbef">
      <Execution id="4e542d37-ab3c-4445-95e5-ef11ba893c74" />
      <TestMethod codeBase="C:\Users\JohnGrandtMarkvardHø\Desktop\Opgaver\Uge 4 &amp; 5\Opgave-1-PDF-Downloader\tests\PdfDownloader.Tests\bin\Release\net9.0\PdfDownloader.Tests.dll" adapterTypeName="executor://xunit/VsTestRunner2/netcoreapp" className="PdfDownloader.Tests.Unit.DownloadManagerTests" name="NonPdf_ContentType_Surfaces_As_ContentType_Reason" />
    </UnitTest>
    <UnitTest name="PdfDownloader.Tests.Unit.DownloadManagerTests.DetectChanges_Overwrites_When_Changed_Even_Without_OverwriteDownloads" storage="c:\users\johngrandtmarkvardhø\desktop\opgaver\uge 4 &amp; 5\opgave-1-pdf-downloader\tests\pdfdownloader.tests\bin\release\net9.0\pdfdownloader.tests.dll" id="24ca141c-ca0f-7f78-e50d-b5bdb3ff611d">
      <Execution id="d40d4159-509d-4da6-88cf-e5181a5ebb8b" />
      <TestMethod codeBase="C:\Users\JohnGrandtMarkvardHø\Desktop\Opgaver\Uge 4 &amp; 5\Opgave-1-PDF-Downloader\tests\PdfDownloader.Tests\bin\Release\net9.0\PdfDownloader.Tests.dll" adapterTypeName="executor://xunit/VsTestRunner2/netcoreapp" className="PdfDownloader.Tests.Unit.DownloadManagerTests" name="DetectChanges_Overwrites_When_Changed_Even_Without_OverwriteDownloads" />
    </UnitTest>
    <UnitTest name="PdfDownloader.Tests.Unit.AppOptionsTests.Parse_Defaults_And_Basics" storage="c:\users\johngrandtmarkvardhø\desktop\opgaver\uge 4 &amp; 5\opgave-1-pdf-downloader\tests\pdfdownloader.tests\bin\release\net9.0\pdfdownloader.tests.dll" id="a769e035-58b3-1a0c-c7e6-71a2928b0382">
      <Execution id="2c393075-3889-4909-8d25-d912c8714ea2" />
      <TestMethod codeBase="C:\Users\JohnGrandtMarkvardHø\Desktop\Opgaver\Uge 4 &amp; 5\Opgave-1-PDF-Downloader\tests\PdfDownloader.Tests\bin\Release\net9.0\PdfDownloader.Tests.dll" adapterTypeName="executor://xunit/VsTestRunner2/netcoreapp" className="PdfDownloader.Tests.Unit.AppOptionsTests" name="Parse_Defaults_And_Basics" />
    </UnitTest>
    <UnitTest name="PdfDownloader.Tests.Unit.DownloadManagerTests.Skips_NonPdf_ContentType_Except_OctetStream" storage="c:\users\johngrandtmarkvardhø\desktop\opgaver\uge 4 &amp; 5\opgave-1-pdf-downloader\tests\pdfdownloader.tests\bin\release\net9.0\pdfdownloader.tests.dll" id="1b6a6beb-8457-8bde-cee2-301957118ec9">
      <Execution id="e14020b6-c85f-4179-b4e9-9b89a563417c" />
      <TestMethod codeBase="C:\Users\JohnGrandtMarkvardHø\Desktop\Opgaver\Uge 4 &amp; 5\Opgave-1-PDF-Downloader\tests\PdfDownloader.Tests\bin\Release\net9.0\PdfDownloader.Tests.dll" adapterTypeName="executor://xunit/VsTestRunner2/netcoreapp" className="PdfDownloader.Tests.Unit.DownloadManagerTests" name="Skips_NonPdf_ContentType_Except_OctetStream" />
    </UnitTest>
    <UnitTest name="PdfDownloader.Tests.Unit.AppOptionsTests.KeepOldOnChange_Is_Implied_By_OverwriteDownloads" storage="c:\users\johngrandtmarkvardhø\desktop\opgaver\uge 4 &amp; 5\opgave-1-pdf-downloader\tests\pdfdownloader.tests\bin\release\net9.0\pdfdownloader.tests.dll" id="92b7bb56-1f64-f7e3-a555-0c26e0846567">
      <Execution id="3aaa9023-e0e6-4e22-8f2c-4dbac064ebfa" />
      <TestMethod codeBase="C:\Users\JohnGrandtMarkvardHø\Desktop\Opgaver\Uge 4 &amp; 5\Opgave-1-PDF-Downloader\tests\PdfDownloader.Tests\bin\Release\net9.0\PdfDownloader.Tests.dll" adapterTypeName="executor://xunit/VsTestRunner2/netcoreapp" className="PdfDownloader.Tests.Unit.AppOptionsTests" name="KeepOldOnChange_Is_Implied_By_OverwriteDownloads" />
    </UnitTest>
    <UnitTest name="PdfDownloader.Tests.Unit.MetadataLoaderTests.Load_From_Excel_Maps_Headers_CaseInsensitive" storage="c:\users\johngrandtmarkvardhø\desktop\opgaver\uge 4 &amp; 5\opgave-1-pdf-downloader\tests\pdfdownloader.tests\bin\release\net9.0\pdfdownloader.tests.dll" id="13c37515-4be9-6815-573b-5b259c457442">
      <Execution id="7a7190e4-1d66-4a57-9284-77a7135d4128" />
      <TestMethod codeBase="C:\Users\JohnGrandtMarkvardHø\Desktop\Opgaver\Uge 4 &amp; 5\Opgave-1-PDF-Downloader\tests\PdfDownloader.Tests\bin\Release\net9.0\PdfDownloader.Tests.dll" adapterTypeName="executor://xunit/VsTestRunner2/netcoreapp" className="PdfDownloader.Tests.Unit.MetadataLoaderTests" name="Load_From_Excel_Maps_Headers_CaseInsensitive" />
    </UnitTest>
    <UnitTest name="PdfDownloader.Tests.Integration.PipelineIntegrationTests.Csv_to_statusfile_roundtrip_smoke" storage="c:\users\johngrandtmarkvardhø\desktop\opgaver\uge 4 &amp; 5\opgave-1-pdf-downloader\tests\pdfdownloader.tests\bin\release\net9.0\pdfdownloader.tests.dll" id="a240b2d3-5d47-ad7d-4599-a7b6dd81c30b">
      <Execution id="b13a8a89-e544-4518-ae5c-17037d562a4e" />
      <TestMethod codeBase="C:\Users\JohnGrandtMarkvardHø\Desktop\Opgaver\Uge 4 &amp; 5\Opgave-1-PDF-Downloader\tests\PdfDownloader.Tests\bin\Release\net9.0\PdfDownloader.Tests.dll" adapterTypeName="executor://xunit/VsTestRunner2/netcoreapp" className="PdfDownloader.Tests.Integration.PipelineIntegrationTests" name="Csv_to_statusfile_roundtrip_smoke" />
    </UnitTest>
    <UnitTest name="PdfDownloader.Tests.Unit.DownloadManagerTests.Respects_MaxConcurrency" storage="c:\users\johngrandtmarkvardhø\desktop\opgaver\uge 4 &amp; 5\opgave-1-pdf-downloader\tests\pdfdownloader.tests\bin\release\net9.0\pdfdownloader.tests.dll" id="96ccc52a-7b8f-7f0a-fc3d-929a9a648153">
      <Execution id="f379e60b-e479-4bc6-ac68-9f3cb528592a" />
      <TestMethod codeBase="C:\Users\JohnGrandtMarkvardHø\Desktop\Opgaver\Uge 4 &amp; 5\Opgave-1-PDF-Downloader\tests\PdfDownloader.Tests\bin\Release\net9.0\PdfDownloader.Tests.dll" adapterTypeName="executor://xunit/VsTestRunner2/netcoreapp" className="PdfDownloader.Tests.Unit.DownloadManagerTests" name="Respects_MaxConcurrency" />
    </UnitTest>
    <UnitTest name="PdfDownloader.Tests.Unit.DownloadManagerTests.Timeout_Is_Reported_As_Failed_With_Timeout_Message" storage="c:\users\johngrandtmarkvardhø\desktop\opgaver\uge 4 &amp; 5\opgave-1-pdf-downloader\tests\pdfdownloader.tests\bin\release\net9.0\pdfdownloader.tests.dll" id="2369fdd2-0552-c370-b267-a36db94d8b72">
      <Execution id="987c21c5-0979-4238-ae2f-7b0fa5379adc" />
      <TestMethod codeBase="C:\Users\JohnGrandtMarkvardHø\Desktop\Opgaver\Uge 4 &amp; 5\Opgave-1-PDF-Downloader\tests\PdfDownloader.Tests\bin\Release\net9.0\PdfDownloader.Tests.dll" adapterTypeName="executor://xunit/VsTestRunner2/netcoreapp" className="PdfDownloader.Tests.Unit.DownloadManagerTests" name="Timeout_Is_Reported_As_Failed_With_Timeout_Message" />
    </UnitTest>
    <UnitTest name="PdfDownloader.Tests.Unit.DownloadManagerTests.OverwriteDownloads_True_With_KeepOldOnChange_Renames_Old_File" storage="c:\users\johngrandtmarkvardhø\desktop\opgaver\uge 4 &amp; 5\opgave-1-pdf-downloader\tests\pdfdownloader.tests\bin\release\net9.0\pdfdownloader.tests.dll" id="e38cbe26-0f43-ebc7-eb65-b144847c7876">
      <Execution id="9386e24f-59fe-4cc3-9379-6e5ece4ccd47" />
      <TestMethod codeBase="C:\Users\JohnGrandtMarkvardHø\Desktop\Opgaver\Uge 4 &amp; 5\Opgave-1-PDF-Downloader\tests\PdfDownloader.Tests\bin\Release\net9.0\PdfDownloader.Tests.dll" adapterTypeName="executor://xunit/VsTestRunner2/netcoreapp" className="PdfDownloader.Tests.Unit.DownloadManagerTests" name="OverwriteDownloads_True_With_KeepOldOnChange_Renames_Old_File" />
    </UnitTest>
    <UnitTest name="PdfDownloader.Tests.Unit.DownloadManagerTests.SkipExisting_When_NoOverwrite_And_NoChange" storage="c:\users\johngrandtmarkvardhø\desktop\opgaver\uge 4 &amp; 5\opgave-1-pdf-downloader\tests\pdfdownloader.tests\bin\release\net9.0\pdfdownloader.tests.dll" id="1bca1571-7063-f8b2-5962-057f44d8a906">
      <Execution id="8fe0ecb5-d0fb-46b9-bff8-43031906aa71" />
      <TestMethod codeBase="C:\Users\JohnGrandtMarkvardHø\Desktop\Opgaver\Uge 4 &amp; 5\Opgave-1-PDF-Downloader\tests\PdfDownloader.Tests\bin\Release\net9.0\PdfDownloader.Tests.dll" adapterTypeName="executor://xunit/VsTestRunner2/netcoreapp" className="PdfDownloader.Tests.Unit.DownloadManagerTests" name="SkipExisting_When_NoOverwrite_And_NoChange" />
    </UnitTest>
    <UnitTest name="PdfDownloader.Tests.Unit.AppOptionsTests.Unknown_Extension_Throws" storage="c:\users\johngrandtmarkvardhø\desktop\opgaver\uge 4 &amp; 5\opgave-1-pdf-downloader\tests\pdfdownloader.tests\bin\release\net9.0\pdfdownloader.tests.dll" id="ab72640d-1e8d-a7b8-41f6-ab778e15d563">
      <Execution id="c27cb569-6324-4732-9ea3-e91d572b24d5" />
      <TestMethod codeBase="C:\Users\JohnGrandtMarkvardHø\Desktop\Opgaver\Uge 4 &amp; 5\Opgave-1-PDF-Downloader\tests\PdfDownloader.Tests\bin\Release\net9.0\PdfDownloader.Tests.dll" adapterTypeName="executor://xunit/VsTestRunner2/netcoreapp" className="PdfDownloader.Tests.Unit.AppOptionsTests" name="Unknown_Extension_Throws" />
    </UnitTest>
    <UnitTest name="PdfDownloader.Tests.Unit.MetadataLoaderTests.Load_From_Csv_With_Fallback" storage="c:\users\johngrandtmarkvardhø\desktop\opgaver\uge 4 &amp; 5\opgave-1-pdf-downloader\tests\pdfdownloader.tests\bin\release\net9.0\pdfdownloader.tests.dll" id="e469e520-9f06-ee3c-a70e-b5ba3c7dbf94">
      <Execution id="65986a6e-c864-45b6-ae2c-3054468b0158" />
      <TestMethod codeBase="C:\Users\JohnGrandtMarkvardHø\Desktop\Opgaver\Uge 4 &amp; 5\Opgave-1-PDF-Downloader\tests\PdfDownloader.Tests\bin\Release\net9.0\PdfDownloader.Tests.dll" adapterTypeName="executor://xunit/VsTestRunner2/netcoreapp" className="PdfDownloader.Tests.Unit.MetadataLoaderTests" name="Load_From_Csv_With_Fallback" />
    </UnitTest>
    <UnitTest name="PdfDownloader.Tests.Unit.AppOptionsTests.Parse_MutuallyExclusive_StatusFlags" storage="c:\users\johngrandtmarkvardhø\desktop\opgaver\uge 4 &amp; 5\opgave-1-pdf-downloader\tests\pdfdownloader.tests\bin\release\net9.0\pdfdownloader.tests.dll" id="4b56d6fc-ad65-8dc8-e6fc-dcbbfe496b4f">
      <Execution id="edb0789d-7c65-4209-9507-46181404b18e" />
      <TestMethod codeBase="C:\Users\JohnGrandtMarkvardHø\Desktop\Opgaver\Uge 4 &amp; 5\Opgave-1-PDF-Downloader\tests\PdfDownloader.Tests\bin\Release\net9.0\PdfDownloader.Tests.dll" adapterTypeName="executor://xunit/VsTestRunner2/netcoreapp" className="PdfDownloader.Tests.Unit.AppOptionsTests" name="Parse_MutuallyExclusive_StatusFlags" />
    </UnitTest>
  </TestDefinitions>
  <TestEntries>
    <TestEntry testId="96ccc52a-7b8f-7f0a-fc3d-929a9a648153" executionId="f379e60b-e479-4bc6-ac68-9f3cb528592a" testListId="8c84fa94-04c1-424b-9868-57a2d4851a1d" />
    <TestEntry testId="4b56d6fc-ad65-8dc8-e6fc-dcbbfe496b4f" executionId="edb0789d-7c65-4209-9507-46181404b18e" testListId="8c84fa94-04c1-424b-9868-57a2d4851a1d" />
    <TestEntry testId="e469e520-9f06-ee3c-a70e-b5ba3c7dbf94" executionId="65986a6e-c864-45b6-ae2c-3054468b0158" testListId="8c84fa94-04c1-424b-9868-57a2d4851a1d" />
    <TestEntry testId="a240b2d3-5d47-ad7d-4599-a7b6dd81c30b" executionId="b13a8a89-e544-4518-ae5c-17037d562a4e" testListId="8c84fa94-04c1-424b-9868-57a2d4851a1d" />
    <TestEntry testId="09012306-059e-edf0-ffc8-1dcfcdcddbef" executionId="4e542d37-ab3c-4445-95e5-ef11ba893c74" testListId="8c84fa94-04c1-424b-9868-57a2d4851a1d" />
    <TestEntry testId="24ca141c-ca0f-7f78-e50d-b5bdb3ff611d" executionId="d40d4159-509d-4da6-88cf-e5181a5ebb8b" testListId="8c84fa94-04c1-424b-9868-57a2d4851a1d" />
    <TestEntry testId="e38cbe26-0f43-ebc7-eb65-b144847c7876" executionId="9386e24f-59fe-4cc3-9379-6e5ece4ccd47" testListId="8c84fa94-04c1-424b-9868-57a2d4851a1d" />
    <TestEntry testId="92b7bb56-1f64-f7e3-a555-0c26e0846567" executionId="3aaa9023-e0e6-4e22-8f2c-4dbac064ebfa" testListId="8c84fa94-04c1-424b-9868-57a2d4851a1d" />
    <TestEntry testId="d1b92a75-058e-e808-db2a-ae79f996c578" executionId="3f47370e-7ed6-402c-ac3f-6125b378fa8c" testListId="8c84fa94-04c1-424b-9868-57a2d4851a1d" />
    <TestEntry testId="2369fdd2-0552-c370-b267-a36db94d8b72" executionId="987c21c5-0979-4238-ae2f-7b0fa5379adc" testListId="8c84fa94-04c1-424b-9868-57a2d4851a1d" />
    <TestEntry testId="ab72640d-1e8d-a7b8-41f6-ab778e15d563" executionId="c27cb569-6324-4732-9ea3-e91d572b24d5" testListId="8c84fa94-04c1-424b-9868-57a2d4851a1d" />
    <TestEntry testId="e1c1ee38-caa7-aa73-9891-28eff5d66276" executionId="ad1a799b-10d7-4bec-b5a2-82c278b1468e" testListId="8c84fa94-04c1-424b-9868-57a2d4851a1d" />
    <TestEntry testId="a769e035-58b3-1a0c-c7e6-71a2928b0382" executionId="2c393075-3889-4909-8d25-d912c8714ea2" testListId="8c84fa94-04c1-424b-9868-57a2d4851a1d" />
    <TestEntry testId="13c37515-4be9-6815-573b-5b259c457442" executionId="7a7190e4-1d66-4a57-9284-77a7135d4128" testListId="8c84fa94-04c1-424b-9868-57a2d4851a1d" />
    <TestEntry testId="7aa33c9c-66d7-f99b-4977-755717606dfc" executionId="0de35e8f-fe09-4863-8bd0-47d531e3cbac" testListId="8c84fa94-04c1-424b-9868-57a2d4851a1d" />
    <TestEntry testId="1bca1571-7063-f8b2-5962-057f44d8a906" executionId="8fe0ecb5-d0fb-46b9-bff8-43031906aa71" testListId="8c84fa94-04c1-424b-9868-57a2d4851a1d" />
    <TestEntry testId="133de07d-5563-15a9-7cb1-97c8e6c9c09b" executionId="fe89c78e-e356-4bb0-ae0f-6acba10ee5ff" testListId="8c84fa94-04c1-424b-9868-57a2d4851a1d" />
    <TestEntry testId="1b6a6beb-8457-8bde-cee2-301957118ec9" executionId="e14020b6-c85f-4179-b4e9-9b89a563417c" testListId="8c84fa94-04c1-424b-9868-57a2d4851a1d" />
  </TestEntries>
  <TestLists>
    <TestList name="Results Not in a List" id="8c84fa94-04c1-424b-9868-57a2d4851a1d" />
    <TestList name="All Loaded Results" id="19431567-8539-422a-85d7-44ee4e166bda" />
  </TestLists>
  <ResultSummary outcome="Completed">
    <Counters total="18" executed="18" passed="18" failed="0" error="0" timeout="0" aborted="0" inconclusive="0" passedButRunAborted="0" notRunnable="0" notExecuted="0" disconnected="0" warning="0" completed="0" inProgress="0" pending="0" />
    <Output>
      <StdOut>[xUnit.net 00:00:00.00] xUnit.net VSTest Adapter v2.8.2+699d445a1a (64-bit .NET 9.0.9)&#xD;
[xUnit.net 00:00:01.26]   Discovering: PdfDownloader.Tests&#xD;
[xUnit.net 00:00:01.29]   Discovered:  PdfDownloader.Tests&#xD;
[xUnit.net 00:00:01.29]   Starting:    PdfDownloader.Tests&#xD;
RUN START: 2025-10-15 09:55:34&#xD;
RUN START: 2025-10-15 09:55:34&#xD;
Input: C:\Users\JohnGrandtMarkvardH�\Desktop\Opgaver\Uge 4 &amp; 5\Opgave-1-PDF-Downloader\tests\PdfDownloader.Tests\bin\Release\net9.0\samples\Metadata2006_2016.xlsx&#xD;
Input: C:\Users\JohnGrandtMarkvardH�\Desktop\Opgaver\Uge 4 &amp; 5\Opgave-1-PDF-Downloader\tests\PdfDownloader.Tests\bin\Release\net9.0\samples\GRI_2017_2020 (1).xlsx&#xD;
Output: C:\Users\JohnGrandtMarkvardH�\AppData\Local\Temp\pipe-1f5e25af-c468-46fc-9435-bbc6ebf2e56d&#xD;
Output: C:\Users\JohnGrandtMarkvardH�\AppData\Local\Temp\pdf-out-a0be5966-2ac7-4243-821c-59a15247c248&#xD;
Status CSV: C:\Users\JohnGrandtMarkvardH�\AppData\Local\Temp\pipe-1f5e25af-c468-46fc-9435-bbc6ebf2e56d\status.csv&#xD;
Status CSV: C:\Users\JohnGrandtMarkvardH�\AppData\Local\Temp\pdf-out-a0be5966-2ac7-4243-821c-59a15247c248\status.csv&#xD;
Max concurrency: 4&#xD;
Max concurrency: 3&#xD;
Limit: 5&#xD;
Limit: 5&#xD;
[START] BadThenOk - Klarg�r&#xD;
[UPDATE] BadThenOk [00:00] - Henter (headers)...&#xD;
[UPDATE] BadThenOk [00:00] - Content-Type: text/html - skipper&#xD;
[UPDATE] BadThenOk [00:00] - Henter (headers)...&#xD;
[UPDATE] BadThenOk [00:00] - Downloader indhold...&#xD;
[OK] BadThenOk (00:00) - PDF gemt korrekt&#xD;
[START] X1 - Klarg�r&#xD;
[MISS] X1 (00:00) - Mangler gyldig URL i metadata - No URL&#xD;
[START] C - Klarg�r&#xD;
[UPDATE] C [00:00] - Henter (headers)...&#xD;
[UPDATE] C [00:00] - Content-Type: text/html - skipper&#xD;
[FAIL] C (00:00) - Fejl (HTTP, IO, timeout, forkert content-type) - Content-Type: text/html&#xD;
[START] X1 - Klarg�r&#xD;
[UPDATE] X1 [00:00] - Henter (headers)...&#xD;
[START] X2 - Klarg�r&#xD;
[UPDATE] X2 [00:00] - Henter (headers)...&#xD;
[START] X3 - Klarg�r&#xD;
[UPDATE] X3 [00:00] - Henter (headers)...&#xD;
[UPDATE] X2 [00:00] - Downloader indhold...&#xD;
[UPDATE] X3 [00:00] - Downloader indhold...&#xD;
[UPDATE] X1 [00:00] - Downloader indhold...&#xD;
[OK] X1 (00:00) - PDF gemt korrekt&#xD;
[OK] X3 (00:00) - PDF gemt korrekt&#xD;
[START] X5 - Klarg�r&#xD;
[START] X4 - Klarg�r&#xD;
[UPDATE] X5 [00:00] - Henter (headers)...&#xD;
[UPDATE] X4 [00:00] - Henter (headers)...&#xD;
[OK] X2 (00:00) - PDF gemt korrekt&#xD;
[START] X6 - Klarg�r&#xD;
[UPDATE] X6 [00:00] - Henter (headers)...&#xD;
[UPDATE] X4 [00:00] - Downloader indhold...&#xD;
[UPDATE] X6 [00:00] - Downloader indhold...&#xD;
[UPDATE] X5 [00:00] - Downloader indhold...&#xD;
[OK] X6 (00:00) - PDF gemt korrekt&#xD;
[OK] X5 (00:00) - PDF gemt korrekt&#xD;
[START] X7 - Klarg�r&#xD;
[START] X8 - Klarg�r&#xD;
[OK] X4 (00:00) - PDF gemt korrekt&#xD;
[UPDATE] X7 [00:00] - Henter (headers)...&#xD;
[UPDATE] X8 [00:00] - Henter (headers)...&#xD;
[START] X9 - Klarg�r&#xD;
[UPDATE] X9 [00:00] - Henter (headers)...&#xD;
[UPDATE] X9 [00:00] - Downloader indhold...&#xD;
[UPDATE] X8 [00:00] - Downloader indhold...&#xD;
[UPDATE] X7 [00:00] - Downloader indhold...&#xD;
[OK] X7 (00:00) - PDF gemt korrekt&#xD;
[START] X10 - Klarg�r&#xD;
[OK] X8 (00:00) - PDF gemt korrekt&#xD;
[UPDATE] X10 [00:00] - Henter (headers)...&#xD;
[START] X11 - Klarg�r&#xD;
[OK] X9 (00:00) - PDF gemt korrekt&#xD;
[UPDATE] X11 [00:00] - Henter (headers)...&#xD;
[START] X12 - Klarg�r&#xD;
[UPDATE] X12 [00:00] - Henter (headers)...&#xD;
[UPDATE] X11 [00:00] - Downloader indhold...&#xD;
[UPDATE] X10 [00:00] - Downloader indhold...&#xD;
[UPDATE] X12 [00:00] - Downloader indhold...&#xD;
[OK] X11 (00:00) - PDF gemt korrekt&#xD;
[OK] X10 (00:00) - PDF gemt korrekt&#xD;
[OK] X12 (00:00) - PDF gemt korrekt&#xD;
[START] A - Klarg�r&#xD;
[UPDATE] A [00:00] - Henter (headers)...&#xD;
[UPDATE] A [00:00] - Downloader indhold...&#xD;
[OK] A (00:00) - PDF gemt korrekt&#xD;
[START] A - Klarg�r&#xD;
[UPDATE] A [00:00] - Henter (headers)...&#xD;
[UPDATE] A [00:00] - Downloader indhold...&#xD;
[OK] A (00:00) - PDF gemt korrekt&#xD;
[START] A - Klarg�r&#xD;
[UPDATE] A [00:00] - Henter (headers)...&#xD;
[UPDATE] A [00:00] - Downloader indhold...&#xD;
[OK] A (00:00) - PDF gemt korrekt&#xD;
[START] A/\:*?"&lt;&gt;| - Klarg�r&#xD;
[UPDATE] A/\:*?"&lt;&gt;| [00:00] - Henter (headers)...&#xD;
[UPDATE] A/\:*?"&lt;&gt;| [00:00] - Downloader indhold...&#xD;
[OK] A/\:*?"&lt;&gt;| (00:00) - PDF gemt korrekt&#xD;
[START] A/\:*?"&lt;&gt;| - Klarg�r&#xD;
[UPDATE] A/\:*?"&lt;&gt;| [00:00] - Henter (headers)...&#xD;
[UPDATE] A/\:*?"&lt;&gt;| [00:00] - Downloader indhold...&#xD;
[SKIP] A/\:*?"&lt;&gt;| (00:00) - Filen findes allerede - No change detected&#xD;
[START] T - Klarg�r&#xD;
[UPDATE] T [00:00] - Henter (headers)...&#xD;
[UPDATE] T [00:00] - Timeout - pr�ver n�ste&#xD;
[FAIL] T (00:00) - Fejl (HTTP, IO, timeout, forkert content-type) - Timeout&#xD;
[START] BR50041 - Klarg�r&#xD;
[UPDATE] BR50041 [00:00] - Henter (headers)...&#xD;
[START] BR50042 - Klarg�r&#xD;
[UPDATE] BR50042 [00:00] - Henter (headers)...&#xD;
[START] BR50043 - Klarg�r&#xD;
[UPDATE] BR50043 [00:00] - Henter (headers)...&#xD;
[UPDATE] BR50042 [00:00] - Downloader indhold...&#xD;
[UPDATE] BR50043 [00:00] - HTTP 403 - pr�ver n�ste&#xD;
[FAIL] BR50043 (00:00) - Fejl (HTTP, IO, timeout, forkert content-type) - HTTP 403&#xD;
[START] BR50044 - Klarg�r&#xD;
[UPDATE] BR50044 [00:00] - Henter (headers)...&#xD;
[UPDATE] BR50044 [00:00] - Fejl - pr�ver n�ste URL&#xD;
[FAIL] BR50044 (00:00) - Fejl (HTTP, IO, timeout, forkert content-type) - Exception: NotSupportedException&#xD;
[START] BR50045 - Klarg�r&#xD;
[UPDATE] BR50045 [00:00] - Henter (headers)...&#xD;
[UPDATE] BR50041 [00:00] - Content-Type: text/html - skipper&#xD;
[FAIL] BR50041 (00:00) - Fejl (HTTP, IO, timeout, forkert content-type) - Content-Type: text/html&#xD;
[UPDATE] BR50045 [00:01] - Downloader indhold...&#xD;
[OK] BR50045 (00:01) - PDF gemt korrekt&#xD;
[OK] BR50042 (00:02) - PDF gemt korrekt&#xD;
Opsummering (denne k�rsel):&#xD;
  Hentet: 2&#xD;
  Skippet (allerede hentet/ingen �ndring): 0&#xD;
  Fejlet: 3&#xD;
  Ingen URL: 0&#xD;
  Fejl fordelt:&#xD;
    - Content-Type: text/html: 1&#xD;
    - Exception: NotSupportedException: 1&#xD;
    - HTTP 403: 1&#xD;
Statusrapport appendet i C:\Users\JohnGrandtMarkvardH�\AppData\Local\Temp\pdf-out-a0be5966-2ac7-4243-821c-59a15247c248\status.csv&#xD;
Tr�dstatistik (gennemsnit pr. tr�d):&#xD;
  Tr�d #1: jobs=1, total=00:00, avg=00:00&#xD;
  Tr�d #2: jobs=1, total=00:02, avg=00:02&#xD;
  Tr�d #3: jobs=3, total=00:01, avg=00:00&#xD;
RUN END: 2025-10-15 09:55:42 (varighed: 0:00:08,2073778)&#xD;
[START] BR9158 - Klarg�r&#xD;
[UPDATE] BR9158 [00:00] - Henter (headers)...&#xD;
[START] BR9159 - Klarg�r&#xD;
[UPDATE] BR9159 [00:00] - Henter (headers)...&#xD;
[START] BR9160 - Klarg�r&#xD;
[UPDATE] BR9160 [00:00] - Henter (headers)...&#xD;
[START] BR9161 - Klarg�r&#xD;
[UPDATE] BR9161 [00:00] - Henter (headers)...&#xD;
[UPDATE] BR9160 [00:01] - Downloader indhold...&#xD;
[UPDATE] BR9158 [00:01] - Content-Type: text/html - skipper&#xD;
[FAIL] BR9158 (00:01) - Fejl (HTTP, IO, timeout, forkert content-type) - Content-Type: text/html&#xD;
[START] BR9162 - Klarg�r&#xD;
[UPDATE] BR9162 [00:00] - Henter (headers)...&#xD;
[UPDATE] BR9162 [00:00] - Fejl - pr�ver n�ste URL&#xD;
[FAIL] BR9162 (00:00) - Fejl (HTTP, IO, timeout, forkert content-type) - Exception: HttpRequestException&#xD;
[UPDATE] BR9159 [00:01] - Content-Type: text/html - skipper&#xD;
[FAIL] BR9159 (00:01) - Fejl (HTTP, IO, timeout, forkert content-type) - Content-Type: text/html&#xD;
[UPDATE] BR9161 [00:02] - Content-Type: text/html - skipper&#xD;
[FAIL] BR9161 (00:02) - Fejl (HTTP, IO, timeout, forkert content-type) - Content-Type: text/html&#xD;
[OK] BR9160 (00:02) - PDF gemt korrekt&#xD;
Opsummering (denne k�rsel):&#xD;
  Hentet: 1&#xD;
  Skippet (allerede hentet/ingen �ndring): 0&#xD;
  Fejlet: 4&#xD;
  Ingen URL: 0&#xD;
  Fejl fordelt:&#xD;
    - Content-Type: text/html: 3&#xD;
    - Exception: HttpRequestException: 1&#xD;
Statusrapport appendet i C:\Users\JohnGrandtMarkvardH�\AppData\Local\Temp\pipe-1f5e25af-c468-46fc-9435-bbc6ebf2e56d\status.csv&#xD;
Tr�dstatistik (gennemsnit pr. tr�d):&#xD;
  Tr�d #1: jobs=2, total=00:01, avg=00:00&#xD;
  Tr�d #2: jobs=1, total=00:01, avg=00:01&#xD;
  Tr�d #3: jobs=1, total=00:02, avg=00:02&#xD;
  Tr�d #4: jobs=1, total=00:02, avg=00:02&#xD;
RUN END: 2025-10-15 09:55:45 (varighed: 0:00:11,146128)&#xD;
[xUnit.net 00:00:12.49]   Finished:    PdfDownloader.Tests&#xD;
</StdOut>
    </Output>
    <CollectorDataEntries>
      <Collector agentName="SPAC-38-LTP2347" uri="datacollector://microsoft/CoverletCodeCoverage/1.0" collectorDisplayName="XPlat code coverage">
        <UriAttachments>
          <UriAttachment>
            <A href="SPAC-38-LTP2347\coverage.cobertura.xml"></A>
          </UriAttachment>
        </UriAttachments>
      </Collector>
    </CollectorDataEntries>
  </ResultSummary>
</TestRun>