<?xml version="1.0" encoding="utf-8"?>
<TestRun id="4ecbc5f8-65b3-4968-8af0-8154dd8112f6" name="JohnGrandtMarkvardHø@SPAC-38-LTP2347 2025-10-15 10:11:09" runUser="AzureAD\JohnGrandtMarkvardHø" xmlns="http://microsoft.com/schemas/VisualStudio/TeamTest/2010">
  <Times creation="2025-10-15T10:11:09.8306841+02:00" queuing="2025-10-15T10:11:09.8306846+02:00" start="2025-10-15T10:11:07.6900487+02:00" finish="2025-10-15T10:11:21.9077494+02:00" />
  <TestSettings name="default" id="dc270b3f-edd6-488c-a2c7-83742db41273">
    <Deployment runDeploymentRoot="JohnGrandtMarkvardHø_SPAC-38-LTP2347_2025-10-15_10_11_09" />
  </TestSettings>
  <Results>
    <UnitTestResult executionId="ac79b706-cd51-4894-8943-3d5c9ba3ebbb" testId="133de07d-5563-15a9-7cb1-97c8e6c9c09b" testName="PdfDownloader.Tests.Unit.DownloadManagerTests.NoUrl_Results_In_NoUrl_Outcome" computerName="SPAC-38-LTP2347" duration="00:00:00.0030073" startTime="2025-10-15T10:11:09.7769298+02:00" endTime="2025-10-15T10:11:09.7769300+02:00" testType="13cdc9d9-ddb5-4fa4-a97d-d965ccfc6d4b" outcome="Passed" testListId="8c84fa94-04c1-424b-9868-57a2d4851a1d" relativeResultsDirectory="ac79b706-cd51-4894-8943-3d5c9ba3ebbb" />
    <UnitTestResult executionId="386545ba-f2a6-426c-8bfe-5390c9c2c6ac" testId="d1b92a75-058e-e808-db2a-ae79f996c578" testName="PdfDownloader.Tests.Integration.ExcelIntegrationTests.MetadataLoader_reads_real_excel_and_maps_BRnum_and_PdfURL" computerName="SPAC-38-LTP2347" duration="00:00:07.3977995" startTime="2025-10-15T10:11:17.1147189+02:00" endTime="2025-10-15T10:11:17.1147192+02:00" testType="13cdc9d9-ddb5-4fa4-a97d-d965ccfc6d4b" outcome="Passed" testListId="8c84fa94-04c1-424b-9868-57a2d4851a1d" relativeResultsDirectory="386545ba-f2a6-426c-8bfe-5390c9c2c6ac" />
    <UnitTestResult executionId="9cb8ed37-d8cd-4c2f-a748-5292fe4580cd" testId="e1c1ee38-caa7-aa73-9891-28eff5d66276" testName="PdfDownloader.Tests.Unit.AppOptionsTests.NoSkipExisting_Flag_Disables_Skip" computerName="SPAC-38-LTP2347" duration="00:00:00.0001219" startTime="2025-10-15T10:11:09.7405548+02:00" endTime="2025-10-15T10:11:09.7405548+02:00" testType="13cdc9d9-ddb5-4fa4-a97d-d965ccfc6d4b" outcome="Passed" testListId="8c84fa94-04c1-424b-9868-57a2d4851a1d" relativeResultsDirectory="9cb8ed37-d8cd-4c2f-a748-5292fe4580cd" />
    <UnitTestResult executionId="54bfea92-0dcc-43a8-b8c0-21554e30ae25" testId="96ccc52a-7b8f-7f0a-fc3d-929a9a648153" testName="PdfDownloader.Tests.Unit.DownloadManagerTests.Respects_MaxConcurrency" computerName="SPAC-38-LTP2347" duration="00:00:00.6933508" startTime="2025-10-15T10:11:10.4512693+02:00" endTime="2025-10-15T10:11:10.4512696+02:00" testType="13cdc9d9-ddb5-4fa4-a97d-d965ccfc6d4b" outcome="Passed" testListId="8c84fa94-04c1-424b-9868-57a2d4851a1d" relativeResultsDirectory="54bfea92-0dcc-43a8-b8c0-21554e30ae25" />
    <UnitTestResult executionId="c4c92f35-1e61-484c-9489-99029ce75e01" testId="7aa33c9c-66d7-f99b-4977-755717606dfc" testName="PdfDownloader.Tests.Unit.DownloadManagerTests.KeepOldOnChange_Renames_Old_File" computerName="SPAC-38-LTP2347" duration="00:00:00.0069957" startTime="2025-10-15T10:11:10.5109855+02:00" endTime="2025-10-15T10:11:10.5109857+02:00" testType="13cdc9d9-ddb5-4fa4-a97d-d965ccfc6d4b" outcome="Passed" testListId="8c84fa94-04c1-424b-9868-57a2d4851a1d" relativeResultsDirectory="c4c92f35-1e61-484c-9489-99029ce75e01" />
    <UnitTestResult executionId="29fbbed2-037a-44c8-88d6-a296840c9663" testId="1bca1571-7063-f8b2-5962-057f44d8a906" testName="PdfDownloader.Tests.Unit.DownloadManagerTests.SkipExisting_When_NoOverwrite_And_NoChange" computerName="SPAC-38-LTP2347" duration="00:00:00.0063572" startTime="2025-10-15T10:11:10.5177484+02:00" endTime="2025-10-15T10:11:10.5177495+02:00" testType="13cdc9d9-ddb5-4fa4-a97d-d965ccfc6d4b" outcome="Passed" testListId="8c84fa94-04c1-424b-9868-57a2d4851a1d" relativeResultsDirectory="29fbbed2-037a-44c8-88d6-a296840c9663" />
    <UnitTestResult executionId="471cd13d-604e-48e4-8654-ec1a60c7dfe0" testId="4b56d6fc-ad65-8dc8-e6fc-dcbbfe496b4f" testName="PdfDownloader.Tests.Unit.AppOptionsTests.Parse_MutuallyExclusive_StatusFlags" computerName="SPAC-38-LTP2347" duration="00:00:00.0077119" startTime="2025-10-15T10:11:09.7424020+02:00" endTime="2025-10-15T10:11:09.7424021+02:00" testType="13cdc9d9-ddb5-4fa4-a97d-d965ccfc6d4b" outcome="Passed" testListId="8c84fa94-04c1-424b-9868-57a2d4851a1d" relativeResultsDirectory="471cd13d-604e-48e4-8654-ec1a60c7dfe0" />
    <UnitTestResult executionId="75ca6107-4661-4dce-a8c3-3e58be306baf" testId="1b6a6beb-8457-8bde-cee2-301957118ec9" testName="PdfDownloader.Tests.Unit.DownloadManagerTests.Skips_NonPdf_ContentType_Except_OctetStream" computerName="SPAC-38-LTP2347" duration="00:00:00.0329318" startTime="2025-10-15T10:11:09.7518500+02:00" endTime="2025-10-15T10:11:09.7518504+02:00" testType="13cdc9d9-ddb5-4fa4-a97d-d965ccfc6d4b" outcome="Passed" testListId="8c84fa94-04c1-424b-9868-57a2d4851a1d" relativeResultsDirectory="75ca6107-4661-4dce-a8c3-3e58be306baf" />
    <UnitTestResult executionId="f803f622-ac22-449c-b1fe-9750bc6d0f87" testId="a240b2d3-5d47-ad7d-4599-a7b6dd81c30b" testName="PdfDownloader.Tests.Integration.PipelineIntegrationTests.Csv_to_statusfile_roundtrip_smoke" computerName="SPAC-38-LTP2347" duration="00:00:11.8089934" startTime="2025-10-15T10:11:21.5258293+02:00" endTime="2025-10-15T10:11:21.5258302+02:00" testType="13cdc9d9-ddb5-4fa4-a97d-d965ccfc6d4b" outcome="Passed" testListId="8c84fa94-04c1-424b-9868-57a2d4851a1d" relativeResultsDirectory="f803f622-ac22-449c-b1fe-9750bc6d0f87" />
    <UnitTestResult executionId="9c2bbba7-781a-431f-b8ac-5f4546a1305a" testId="e469e520-9f06-ee3c-a70e-b5ba3c7dbf94" testName="PdfDownloader.Tests.Unit.MetadataLoaderTests.Load_From_Csv_With_Fallback" computerName="SPAC-38-LTP2347" duration="00:00:00.0181223" startTime="2025-10-15T10:11:10.9265202+02:00" endTime="2025-10-15T10:11:10.9265206+02:00" testType="13cdc9d9-ddb5-4fa4-a97d-d965ccfc6d4b" outcome="Passed" testListId="8c84fa94-04c1-424b-9868-57a2d4851a1d" relativeResultsDirectory="9c2bbba7-781a-431f-b8ac-5f4546a1305a" />
    <UnitTestResult executionId="36d0e882-4edf-476c-8dce-ff26beb975f9" testId="13c37515-4be9-6815-573b-5b259c457442" testName="PdfDownloader.Tests.Unit.MetadataLoaderTests.Load_From_Excel_Maps_Headers_CaseInsensitive" computerName="SPAC-38-LTP2347" duration="00:00:01.1914620" startTime="2025-10-15T10:11:10.9080182+02:00" endTime="2025-10-15T10:11:10.9080186+02:00" testType="13cdc9d9-ddb5-4fa4-a97d-d965ccfc6d4b" outcome="Passed" testListId="8c84fa94-04c1-424b-9868-57a2d4851a1d" relativeResultsDirectory="36d0e882-4edf-476c-8dce-ff26beb975f9" />
    <UnitTestResult executionId="b9a91945-449d-4ced-8052-ee2d4c7003d0" testId="92b7bb56-1f64-f7e3-a555-0c26e0846567" testName="PdfDownloader.Tests.Unit.AppOptionsTests.KeepOldOnChange_Is_Implied_By_OverwriteDownloads" computerName="SPAC-38-LTP2347" duration="00:00:00.0001401" startTime="2025-10-15T10:11:09.7409053+02:00" endTime="2025-10-15T10:11:09.7409053+02:00" testType="13cdc9d9-ddb5-4fa4-a97d-d965ccfc6d4b" outcome="Passed" testListId="8c84fa94-04c1-424b-9868-57a2d4851a1d" relativeResultsDirectory="b9a91945-449d-4ced-8052-ee2d4c7003d0" />
    <UnitTestResult executionId="bae0e90f-e381-481c-9f74-b0776408250f" testId="e38cbe26-0f43-ebc7-eb65-b144847c7876" testName="PdfDownloader.Tests.Unit.DownloadManagerTests.OverwriteDownloads_True_With_KeepOldOnChange_Renames_Old_File" computerName="SPAC-38-LTP2347" duration="00:00:00.0295653" startTime="2025-10-15T10:11:10.4813400+02:00" endTime="2025-10-15T10:11:10.4813404+02:00" testType="13cdc9d9-ddb5-4fa4-a97d-d965ccfc6d4b" outcome="Passed" testListId="8c84fa94-04c1-424b-9868-57a2d4851a1d" relativeResultsDirectory="bae0e90f-e381-481c-9f74-b0776408250f" />
    <UnitTestResult executionId="816cf7a5-12d4-4d9a-a173-3ee48845833a" testId="ab72640d-1e8d-a7b8-41f6-ab778e15d563" testName="PdfDownloader.Tests.Unit.AppOptionsTests.Unknown_Extension_Throws" computerName="SPAC-38-LTP2347" duration="00:00:00.0128340" startTime="2025-10-15T10:11:09.7318813+02:00" endTime="2025-10-15T10:11:09.7318976+02:00" testType="13cdc9d9-ddb5-4fa4-a97d-d965ccfc6d4b" outcome="Passed" testListId="8c84fa94-04c1-424b-9868-57a2d4851a1d" relativeResultsDirectory="816cf7a5-12d4-4d9a-a173-3ee48845833a" />
    <UnitTestResult executionId="e06551ef-46fa-456a-b1bc-4b2d0e18a61c" testId="a769e035-58b3-1a0c-c7e6-71a2928b0382" testName="PdfDownloader.Tests.Unit.AppOptionsTests.Parse_Defaults_And_Basics" computerName="SPAC-38-LTP2347" duration="00:00:00.0028560" startTime="2025-10-15T10:11:09.7397522+02:00" endTime="2025-10-15T10:11:09.7397522+02:00" testType="13cdc9d9-ddb5-4fa4-a97d-d965ccfc6d4b" outcome="Passed" testListId="8c84fa94-04c1-424b-9868-57a2d4851a1d" relativeResultsDirectory="e06551ef-46fa-456a-b1bc-4b2d0e18a61c" />
    <UnitTestResult executionId="ffaf1f2e-6a85-4fd3-aee7-0fc9f3778775" testId="2369fdd2-0552-c370-b267-a36db94d8b72" testName="PdfDownloader.Tests.Unit.DownloadManagerTests.Timeout_Is_Reported_As_Failed_With_Timeout_Message" computerName="SPAC-38-LTP2347" duration="00:00:00.0020341" startTime="2025-10-15T10:11:10.5198748+02:00" endTime="2025-10-15T10:11:10.5198750+02:00" testType="13cdc9d9-ddb5-4fa4-a97d-d965ccfc6d4b" outcome="Passed" testListId="8c84fa94-04c1-424b-9868-57a2d4851a1d" relativeResultsDirectory="ffaf1f2e-6a85-4fd3-aee7-0fc9f3778775" />
    <UnitTestResult executionId="28936167-6cba-459c-becc-48cdce611bf1" testId="09012306-059e-edf0-ffc8-1dcfcdcddbef" testName="PdfDownloader.Tests.Unit.DownloadManagerTests.NonPdf_ContentType_Surfaces_As_ContentType_Reason" computerName="SPAC-38-LTP2347" duration="00:00:00.0014725" startTime="2025-10-15T10:11:09.7774872+02:00" endTime="2025-10-15T10:11:09.7774873+02:00" testType="13cdc9d9-ddb5-4fa4-a97d-d965ccfc6d4b" outcome="Passed" testListId="8c84fa94-04c1-424b-9868-57a2d4851a1d" relativeResultsDirectory="28936167-6cba-459c-becc-48cdce611bf1" />
    <UnitTestResult executionId="b1ffc636-fa5b-4121-8264-a9be2aed2e60" testId="24ca141c-ca0f-7f78-e50d-b5bdb3ff611d" testName="PdfDownloader.Tests.Unit.DownloadManagerTests.DetectChanges_Overwrites_When_Changed_Even_Without_OverwriteDownloads" computerName="SPAC-38-LTP2347" duration="00:00:00.0217149" startTime="2025-10-15T10:11:10.5035818+02:00" endTime="2025-10-15T10:11:10.5035820+02:00" testType="13cdc9d9-ddb5-4fa4-a97d-d965ccfc6d4b" outcome="Passed" testListId="8c84fa94-04c1-424b-9868-57a2d4851a1d" relativeResultsDirectory="b1ffc636-fa5b-4121-8264-a9be2aed2e60" />
  </Results>
  <TestDefinitions>
    <UnitTest name="PdfDownloader.Tests.Unit.DownloadManagerTests.KeepOldOnChange_Renames_Old_File" storage="c:\users\johngrandtmarkvardhø\desktop\opgaver\uge 4 &amp; 5\opgave-1-pdf-downloader\tests\pdfdownloader.tests\bin\release\net9.0\pdfdownloader.tests.dll" id="7aa33c9c-66d7-f99b-4977-755717606dfc">
      <Execution id="c4c92f35-1e61-484c-9489-99029ce75e01" />
      <TestMethod codeBase="C:\Users\JohnGrandtMarkvardHø\Desktop\Opgaver\Uge 4 &amp; 5\Opgave-1-PDF-Downloader\tests\PdfDownloader.Tests\bin\Release\net9.0\PdfDownloader.Tests.dll" adapterTypeName="executor://xunit/VsTestRunner2/netcoreapp" className="PdfDownloader.Tests.Unit.DownloadManagerTests" name="KeepOldOnChange_Renames_Old_File" />
    </UnitTest>
    <UnitTest name="PdfDownloader.Tests.Unit.DownloadManagerTests.NoUrl_Results_In_NoUrl_Outcome" storage="c:\users\johngrandtmarkvardhø\desktop\opgaver\uge 4 &amp; 5\opgave-1-pdf-downloader\tests\pdfdownloader.tests\bin\release\net9.0\pdfdownloader.tests.dll" id="133de07d-5563-15a9-7cb1-97c8e6c9c09b">
      <Execution id="ac79b706-cd51-4894-8943-3d5c9ba3ebbb" />
      <TestMethod codeBase="C:\Users\JohnGrandtMarkvardHø\Desktop\Opgaver\Uge 4 &amp; 5\Opgave-1-PDF-Downloader\tests\PdfDownloader.Tests\bin\Release\net9.0\PdfDownloader.Tests.dll" adapterTypeName="executor://xunit/VsTestRunner2/netcoreapp" className="PdfDownloader.Tests.Unit.DownloadManagerTests" name="NoUrl_Results_In_NoUrl_Outcome" />
    </UnitTest>
    <UnitTest name="PdfDownloader.Tests.Unit.AppOptionsTests.NoSkipExisting_Flag_Disables_Skip" storage="c:\users\johngrandtmarkvardhø\desktop\opgaver\uge 4 &amp; 5\opgave-1-pdf-downloader\tests\pdfdownloader.tests\bin\release\net9.0\pdfdownloader.tests.dll" id="e1c1ee38-caa7-aa73-9891-28eff5d66276">
      <Execution id="9cb8ed37-d8cd-4c2f-a748-5292fe4580cd" />
      <TestMethod codeBase="C:\Users\JohnGrandtMarkvardHø\Desktop\Opgaver\Uge 4 &amp; 5\Opgave-1-PDF-Downloader\tests\PdfDownloader.Tests\bin\Release\net9.0\PdfDownloader.Tests.dll" adapterTypeName="executor://xunit/VsTestRunner2/netcoreapp" className="PdfDownloader.Tests.Unit.AppOptionsTests" name="NoSkipExisting_Flag_Disables_Skip" />
    </UnitTest>
    <UnitTest name="PdfDownloader.Tests.Integration.ExcelIntegrationTests.MetadataLoader_reads_real_excel_and_maps_BRnum_and_PdfURL" storage="c:\users\johngrandtmarkvardhø\desktop\opgaver\uge 4 &amp; 5\opgave-1-pdf-downloader\tests\pdfdownloader.tests\bin\release\net9.0\pdfdownloader.tests.dll" id="d1b92a75-058e-e808-db2a-ae79f996c578">
      <Execution id="386545ba-f2a6-426c-8bfe-5390c9c2c6ac" />
      <TestMethod codeBase="C:\Users\JohnGrandtMarkvardHø\Desktop\Opgaver\Uge 4 &amp; 5\Opgave-1-PDF-Downloader\tests\PdfDownloader.Tests\bin\Release\net9.0\PdfDownloader.Tests.dll" adapterTypeName="executor://xunit/VsTestRunner2/netcoreapp" className="PdfDownloader.Tests.Integration.ExcelIntegrationTests" name="MetadataLoader_reads_real_excel_and_maps_BRnum_and_PdfURL" />
    </UnitTest>
    <UnitTest name="PdfDownloader.Tests.Unit.DownloadManagerTests.NonPdf_ContentType_Surfaces_As_ContentType_Reason" storage="c:\users\johngrandtmarkvardhø\desktop\opgaver\uge 4 &amp; 5\opgave-1-pdf-downloader\tests\pdfdownloader.tests\bin\release\net9.0\pdfdownloader.tests.dll" id="09012306-059e-edf0-ffc8-1dcfcdcddbef">
      <Execution id="28936167-6cba-459c-becc-48cdce611bf1" />
      <TestMethod codeBase="C:\Users\JohnGrandtMarkvardHø\Desktop\Opgaver\Uge 4 &amp; 5\Opgave-1-PDF-Downloader\tests\PdfDownloader.Tests\bin\Release\net9.0\PdfDownloader.Tests.dll" adapterTypeName="executor://xunit/VsTestRunner2/netcoreapp" className="PdfDownloader.Tests.Unit.DownloadManagerTests" name="NonPdf_ContentType_Surfaces_As_ContentType_Reason" />
    </UnitTest>
    <UnitTest name="PdfDownloader.Tests.Unit.DownloadManagerTests.DetectChanges_Overwrites_When_Changed_Even_Without_OverwriteDownloads" storage="c:\users\johngrandtmarkvardhø\desktop\opgaver\uge 4 &amp; 5\opgave-1-pdf-downloader\tests\pdfdownloader.tests\bin\release\net9.0\pdfdownloader.tests.dll" id="24ca141c-ca0f-7f78-e50d-b5bdb3ff611d">
      <Execution id="b1ffc636-fa5b-4121-8264-a9be2aed2e60" />
      <TestMethod codeBase="C:\Users\JohnGrandtMarkvardHø\Desktop\Opgaver\Uge 4 &amp; 5\Opgave-1-PDF-Downloader\tests\PdfDownloader.Tests\bin\Release\net9.0\PdfDownloader.Tests.dll" adapterTypeName="executor://xunit/VsTestRunner2/netcoreapp" className="PdfDownloader.Tests.Unit.DownloadManagerTests" name="DetectChanges_Overwrites_When_Changed_Even_Without_OverwriteDownloads" />
    </UnitTest>
    <UnitTest name="PdfDownloader.Tests.Unit.AppOptionsTests.Parse_Defaults_And_Basics" storage="c:\users\johngrandtmarkvardhø\desktop\opgaver\uge 4 &amp; 5\opgave-1-pdf-downloader\tests\pdfdownloader.tests\bin\release\net9.0\pdfdownloader.tests.dll" id="a769e035-58b3-1a0c-c7e6-71a2928b0382">
      <Execution id="e06551ef-46fa-456a-b1bc-4b2d0e18a61c" />
      <TestMethod codeBase="C:\Users\JohnGrandtMarkvardHø\Desktop\Opgaver\Uge 4 &amp; 5\Opgave-1-PDF-Downloader\tests\PdfDownloader.Tests\bin\Release\net9.0\PdfDownloader.Tests.dll" adapterTypeName="executor://xunit/VsTestRunner2/netcoreapp" className="PdfDownloader.Tests.Unit.AppOptionsTests" name="Parse_Defaults_And_Basics" />
    </UnitTest>
    <UnitTest name="PdfDownloader.Tests.Unit.DownloadManagerTests.Skips_NonPdf_ContentType_Except_OctetStream" storage="c:\users\johngrandtmarkvardhø\desktop\opgaver\uge 4 &amp; 5\opgave-1-pdf-downloader\tests\pdfdownloader.tests\bin\release\net9.0\pdfdownloader.tests.dll" id="1b6a6beb-8457-8bde-cee2-301957118ec9">
      <Execution id="75ca6107-4661-4dce-a8c3-3e58be306baf" />
      <TestMethod codeBase="C:\Users\JohnGrandtMarkvardHø\Desktop\Opgaver\Uge 4 &amp; 5\Opgave-1-PDF-Downloader\tests\PdfDownloader.Tests\bin\Release\net9.0\PdfDownloader.Tests.dll" adapterTypeName="executor://xunit/VsTestRunner2/netcoreapp" className="PdfDownloader.Tests.Unit.DownloadManagerTests" name="Skips_NonPdf_ContentType_Except_OctetStream" />
    </UnitTest>
    <UnitTest name="PdfDownloader.Tests.Unit.AppOptionsTests.KeepOldOnChange_Is_Implied_By_OverwriteDownloads" storage="c:\users\johngrandtmarkvardhø\desktop\opgaver\uge 4 &amp; 5\opgave-1-pdf-downloader\tests\pdfdownloader.tests\bin\release\net9.0\pdfdownloader.tests.dll" id="92b7bb56-1f64-f7e3-a555-0c26e0846567">
      <Execution id="b9a91945-449d-4ced-8052-ee2d4c7003d0" />
      <TestMethod codeBase="C:\Users\JohnGrandtMarkvardHø\Desktop\Opgaver\Uge 4 &amp; 5\Opgave-1-PDF-Downloader\tests\PdfDownloader.Tests\bin\Release\net9.0\PdfDownloader.Tests.dll" adapterTypeName="executor://xunit/VsTestRunner2/netcoreapp" className="PdfDownloader.Tests.Unit.AppOptionsTests" name="KeepOldOnChange_Is_Implied_By_OverwriteDownloads" />
    </UnitTest>
    <UnitTest name="PdfDownloader.Tests.Unit.MetadataLoaderTests.Load_From_Excel_Maps_Headers_CaseInsensitive" storage="c:\users\johngrandtmarkvardhø\desktop\opgaver\uge 4 &amp; 5\opgave-1-pdf-downloader\tests\pdfdownloader.tests\bin\release\net9.0\pdfdownloader.tests.dll" id="13c37515-4be9-6815-573b-5b259c457442">
      <Execution id="36d0e882-4edf-476c-8dce-ff26beb975f9" />
      <TestMethod codeBase="C:\Users\JohnGrandtMarkvardHø\Desktop\Opgaver\Uge 4 &amp; 5\Opgave-1-PDF-Downloader\tests\PdfDownloader.Tests\bin\Release\net9.0\PdfDownloader.Tests.dll" adapterTypeName="executor://xunit/VsTestRunner2/netcoreapp" className="PdfDownloader.Tests.Unit.MetadataLoaderTests" name="Load_From_Excel_Maps_Headers_CaseInsensitive" />
    </UnitTest>
    <UnitTest name="PdfDownloader.Tests.Integration.PipelineIntegrationTests.Csv_to_statusfile_roundtrip_smoke" storage="c:\users\johngrandtmarkvardhø\desktop\opgaver\uge 4 &amp; 5\opgave-1-pdf-downloader\tests\pdfdownloader.tests\bin\release\net9.0\pdfdownloader.tests.dll" id="a240b2d3-5d47-ad7d-4599-a7b6dd81c30b">
      <Execution id="f803f622-ac22-449c-b1fe-9750bc6d0f87" />
      <TestMethod codeBase="C:\Users\JohnGrandtMarkvardHø\Desktop\Opgaver\Uge 4 &amp; 5\Opgave-1-PDF-Downloader\tests\PdfDownloader.Tests\bin\Release\net9.0\PdfDownloader.Tests.dll" adapterTypeName="executor://xunit/VsTestRunner2/netcoreapp" className="PdfDownloader.Tests.Integration.PipelineIntegrationTests" name="Csv_to_statusfile_roundtrip_smoke" />
    </UnitTest>
    <UnitTest name="PdfDownloader.Tests.Unit.DownloadManagerTests.Respects_MaxConcurrency" storage="c:\users\johngrandtmarkvardhø\desktop\opgaver\uge 4 &amp; 5\opgave-1-pdf-downloader\tests\pdfdownloader.tests\bin\release\net9.0\pdfdownloader.tests.dll" id="96ccc52a-7b8f-7f0a-fc3d-929a9a648153">
      <Execution id="54bfea92-0dcc-43a8-b8c0-21554e30ae25" />
      <TestMethod codeBase="C:\Users\JohnGrandtMarkvardHø\Desktop\Opgaver\Uge 4 &amp; 5\Opgave-1-PDF-Downloader\tests\PdfDownloader.Tests\bin\Release\net9.0\PdfDownloader.Tests.dll" adapterTypeName="executor://xunit/VsTestRunner2/netcoreapp" className="PdfDownloader.Tests.Unit.DownloadManagerTests" name="Respects_MaxConcurrency" />
    </UnitTest>
    <UnitTest name="PdfDownloader.Tests.Unit.DownloadManagerTests.Timeout_Is_Reported_As_Failed_With_Timeout_Message" storage="c:\users\johngrandtmarkvardhø\desktop\opgaver\uge 4 &amp; 5\opgave-1-pdf-downloader\tests\pdfdownloader.tests\bin\release\net9.0\pdfdownloader.tests.dll" id="2369fdd2-0552-c370-b267-a36db94d8b72">
      <Execution id="ffaf1f2e-6a85-4fd3-aee7-0fc9f3778775" />
      <TestMethod codeBase="C:\Users\JohnGrandtMarkvardHø\Desktop\Opgaver\Uge 4 &amp; 5\Opgave-1-PDF-Downloader\tests\PdfDownloader.Tests\bin\Release\net9.0\PdfDownloader.Tests.dll" adapterTypeName="executor://xunit/VsTestRunner2/netcoreapp" className="PdfDownloader.Tests.Unit.DownloadManagerTests" name="Timeout_Is_Reported_As_Failed_With_Timeout_Message" />
    </UnitTest>
    <UnitTest name="PdfDownloader.Tests.Unit.DownloadManagerTests.OverwriteDownloads_True_With_KeepOldOnChange_Renames_Old_File" storage="c:\users\johngrandtmarkvardhø\desktop\opgaver\uge 4 &amp; 5\opgave-1-pdf-downloader\tests\pdfdownloader.tests\bin\release\net9.0\pdfdownloader.tests.dll" id="e38cbe26-0f43-ebc7-eb65-b144847c7876">
      <Execution id="bae0e90f-e381-481c-9f74-b0776408250f" />
      <TestMethod codeBase="C:\Users\JohnGrandtMarkvardHø\Desktop\Opgaver\Uge 4 &amp; 5\Opgave-1-PDF-Downloader\tests\PdfDownloader.Tests\bin\Release\net9.0\PdfDownloader.Tests.dll" adapterTypeName="executor://xunit/VsTestRunner2/netcoreapp" className="PdfDownloader.Tests.Unit.DownloadManagerTests" name="OverwriteDownloads_True_With_KeepOldOnChange_Renames_Old_File" />
    </UnitTest>
    <UnitTest name="PdfDownloader.Tests.Unit.DownloadManagerTests.SkipExisting_When_NoOverwrite_And_NoChange" storage="c:\users\johngrandtmarkvardhø\desktop\opgaver\uge 4 &amp; 5\opgave-1-pdf-downloader\tests\pdfdownloader.tests\bin\release\net9.0\pdfdownloader.tests.dll" id="1bca1571-7063-f8b2-5962-057f44d8a906">
      <Execution id="29fbbed2-037a-44c8-88d6-a296840c9663" />
      <TestMethod codeBase="C:\Users\JohnGrandtMarkvardHø\Desktop\Opgaver\Uge 4 &amp; 5\Opgave-1-PDF-Downloader\tests\PdfDownloader.Tests\bin\Release\net9.0\PdfDownloader.Tests.dll" adapterTypeName="executor://xunit/VsTestRunner2/netcoreapp" className="PdfDownloader.Tests.Unit.DownloadManagerTests" name="SkipExisting_When_NoOverwrite_And_NoChange" />
    </UnitTest>
    <UnitTest name="PdfDownloader.Tests.Unit.AppOptionsTests.Unknown_Extension_Throws" storage="c:\users\johngrandtmarkvardhø\desktop\opgaver\uge 4 &amp; 5\opgave-1-pdf-downloader\tests\pdfdownloader.tests\bin\release\net9.0\pdfdownloader.tests.dll" id="ab72640d-1e8d-a7b8-41f6-ab778e15d563">
      <Execution id="816cf7a5-12d4-4d9a-a173-3ee48845833a" />
      <TestMethod codeBase="C:\Users\JohnGrandtMarkvardHø\Desktop\Opgaver\Uge 4 &amp; 5\Opgave-1-PDF-Downloader\tests\PdfDownloader.Tests\bin\Release\net9.0\PdfDownloader.Tests.dll" adapterTypeName="executor://xunit/VsTestRunner2/netcoreapp" className="PdfDownloader.Tests.Unit.AppOptionsTests" name="Unknown_Extension_Throws" />
    </UnitTest>
    <UnitTest name="PdfDownloader.Tests.Unit.MetadataLoaderTests.Load_From_Csv_With_Fallback" storage="c:\users\johngrandtmarkvardhø\desktop\opgaver\uge 4 &amp; 5\opgave-1-pdf-downloader\tests\pdfdownloader.tests\bin\release\net9.0\pdfdownloader.tests.dll" id="e469e520-9f06-ee3c-a70e-b5ba3c7dbf94">
      <Execution id="9c2bbba7-781a-431f-b8ac-5f4546a1305a" />
      <TestMethod codeBase="C:\Users\JohnGrandtMarkvardHø\Desktop\Opgaver\Uge 4 &amp; 5\Opgave-1-PDF-Downloader\tests\PdfDownloader.Tests\bin\Release\net9.0\PdfDownloader.Tests.dll" adapterTypeName="executor://xunit/VsTestRunner2/netcoreapp" className="PdfDownloader.Tests.Unit.MetadataLoaderTests" name="Load_From_Csv_With_Fallback" />
    </UnitTest>
    <UnitTest name="PdfDownloader.Tests.Unit.AppOptionsTests.Parse_MutuallyExclusive_StatusFlags" storage="c:\users\johngrandtmarkvardhø\desktop\opgaver\uge 4 &amp; 5\opgave-1-pdf-downloader\tests\pdfdownloader.tests\bin\release\net9.0\pdfdownloader.tests.dll" id="4b56d6fc-ad65-8dc8-e6fc-dcbbfe496b4f">
      <Execution id="471cd13d-604e-48e4-8654-ec1a60c7dfe0" />
      <TestMethod codeBase="C:\Users\JohnGrandtMarkvardHø\Desktop\Opgaver\Uge 4 &amp; 5\Opgave-1-PDF-Downloader\tests\PdfDownloader.Tests\bin\Release\net9.0\PdfDownloader.Tests.dll" adapterTypeName="executor://xunit/VsTestRunner2/netcoreapp" className="PdfDownloader.Tests.Unit.AppOptionsTests" name="Parse_MutuallyExclusive_StatusFlags" />
    </UnitTest>
  </TestDefinitions>
  <TestEntries>
    <TestEntry testId="133de07d-5563-15a9-7cb1-97c8e6c9c09b" executionId="ac79b706-cd51-4894-8943-3d5c9ba3ebbb" testListId="8c84fa94-04c1-424b-9868-57a2d4851a1d" />
    <TestEntry testId="d1b92a75-058e-e808-db2a-ae79f996c578" executionId="386545ba-f2a6-426c-8bfe-5390c9c2c6ac" testListId="8c84fa94-04c1-424b-9868-57a2d4851a1d" />
    <TestEntry testId="e1c1ee38-caa7-aa73-9891-28eff5d66276" executionId="9cb8ed37-d8cd-4c2f-a748-5292fe4580cd" testListId="8c84fa94-04c1-424b-9868-57a2d4851a1d" />
    <TestEntry testId="96ccc52a-7b8f-7f0a-fc3d-929a9a648153" executionId="54bfea92-0dcc-43a8-b8c0-21554e30ae25" testListId="8c84fa94-04c1-424b-9868-57a2d4851a1d" />
    <TestEntry testId="7aa33c9c-66d7-f99b-4977-755717606dfc" executionId="c4c92f35-1e61-484c-9489-99029ce75e01" testListId="8c84fa94-04c1-424b-9868-57a2d4851a1d" />
    <TestEntry testId="1bca1571-7063-f8b2-5962-057f44d8a906" executionId="29fbbed2-037a-44c8-88d6-a296840c9663" testListId="8c84fa94-04c1-424b-9868-57a2d4851a1d" />
    <TestEntry testId="4b56d6fc-ad65-8dc8-e6fc-dcbbfe496b4f" executionId="471cd13d-604e-48e4-8654-ec1a60c7dfe0" testListId="8c84fa94-04c1-424b-9868-57a2d4851a1d" />
    <TestEntry testId="1b6a6beb-8457-8bde-cee2-301957118ec9" executionId="75ca6107-4661-4dce-a8c3-3e58be306baf" testListId="8c84fa94-04c1-424b-9868-57a2d4851a1d" />
    <TestEntry testId="a240b2d3-5d47-ad7d-4599-a7b6dd81c30b" executionId="f803f622-ac22-449c-b1fe-9750bc6d0f87" testListId="8c84fa94-04c1-424b-9868-57a2d4851a1d" />
    <TestEntry testId="e469e520-9f06-ee3c-a70e-b5ba3c7dbf94" executionId="9c2bbba7-781a-431f-b8ac-5f4546a1305a" testListId="8c84fa94-04c1-424b-9868-57a2d4851a1d" />
    <TestEntry testId="13c37515-4be9-6815-573b-5b259c457442" executionId="36d0e882-4edf-476c-8dce-ff26beb975f9" testListId="8c84fa94-04c1-424b-9868-57a2d4851a1d" />
    <TestEntry testId="92b7bb56-1f64-f7e3-a555-0c26e0846567" executionId="b9a91945-449d-4ced-8052-ee2d4c7003d0" testListId="8c84fa94-04c1-424b-9868-57a2d4851a1d" />
    <TestEntry testId="e38cbe26-0f43-ebc7-eb65-b144847c7876" executionId="bae0e90f-e381-481c-9f74-b0776408250f" testListId="8c84fa94-04c1-424b-9868-57a2d4851a1d" />
    <TestEntry testId="ab72640d-1e8d-a7b8-41f6-ab778e15d563" executionId="816cf7a5-12d4-4d9a-a173-3ee48845833a" testListId="8c84fa94-04c1-424b-9868-57a2d4851a1d" />
    <TestEntry testId="a769e035-58b3-1a0c-c7e6-71a2928b0382" executionId="e06551ef-46fa-456a-b1bc-4b2d0e18a61c" testListId="8c84fa94-04c1-424b-9868-57a2d4851a1d" />
    <TestEntry testId="2369fdd2-0552-c370-b267-a36db94d8b72" executionId="ffaf1f2e-6a85-4fd3-aee7-0fc9f3778775" testListId="8c84fa94-04c1-424b-9868-57a2d4851a1d" />
    <TestEntry testId="09012306-059e-edf0-ffc8-1dcfcdcddbef" executionId="28936167-6cba-459c-becc-48cdce611bf1" testListId="8c84fa94-04c1-424b-9868-57a2d4851a1d" />
    <TestEntry testId="24ca141c-ca0f-7f78-e50d-b5bdb3ff611d" executionId="b1ffc636-fa5b-4121-8264-a9be2aed2e60" testListId="8c84fa94-04c1-424b-9868-57a2d4851a1d" />
  </TestEntries>
  <TestLists>
    <TestList name="Results Not in a List" id="8c84fa94-04c1-424b-9868-57a2d4851a1d" />
    <TestList name="All Loaded Results" id="19431567-8539-422a-85d7-44ee4e166bda" />
  </TestLists>
  <ResultSummary outcome="Completed">
    <Counters total="18" executed="18" passed="18" failed="0" error="0" timeout="0" aborted="0" inconclusive="0" passedButRunAborted="0" notRunnable="0" notExecuted="0" disconnected="0" warning="0" completed="0" inProgress="0" pending="0" />
    <Output>
      <StdOut>[xUnit.net 00:00:00.00] xUnit.net VSTest Adapter v2.8.2+699d445a1a (64-bit .NET 9.0.9)&#xD;
[xUnit.net 00:00:00.96]   Discovering: PdfDownloader.Tests&#xD;
[xUnit.net 00:00:00.99]   Discovered:  PdfDownloader.Tests&#xD;
[xUnit.net 00:00:00.99]   Starting:    PdfDownloader.Tests&#xD;
[START] BadThenOk - Klarg�r&#xD;
RUN START: 2025-10-15 10:11:09&#xD;
RUN START: 2025-10-15 10:11:09&#xD;
Input: C:\Users\JohnGrandtMarkvardH�\Desktop\Opgaver\Uge 4 &amp; 5\Opgave-1-PDF-Downloader\tests\PdfDownloader.Tests\bin\Release\net9.0\samples\GRI_2017_2020 (1).xlsx&#xD;
Input: C:\Users\JohnGrandtMarkvardH�\Desktop\Opgaver\Uge 4 &amp; 5\Opgave-1-PDF-Downloader\tests\PdfDownloader.Tests\bin\Release\net9.0\samples\Metadata2006_2016.xlsx&#xD;
Output: C:\Users\JohnGrandtMarkvardH�\AppData\Local\Temp\pdf-out-854aab52-e79c-4c1c-9838-4c04df1562a4&#xD;
Output: C:\Users\JohnGrandtMarkvardH�\AppData\Local\Temp\pipe-d9679f7f-9d8a-4125-b1bd-83ed02011098&#xD;
Status CSV: C:\Users\JohnGrandtMarkvardH�\AppData\Local\Temp\pdf-out-854aab52-e79c-4c1c-9838-4c04df1562a4\status.csv&#xD;
Status CSV: C:\Users\JohnGrandtMarkvardH�\AppData\Local\Temp\pipe-d9679f7f-9d8a-4125-b1bd-83ed02011098\status.csv&#xD;
Max concurrency: 3&#xD;
Max concurrency: 4&#xD;
Limit: 5&#xD;
Limit: 5&#xD;
[UPDATE] BadThenOk [00:00] - Henter (headers)...&#xD;
[UPDATE] BadThenOk [00:00] - Content-Type: text/html - skipper&#xD;
[UPDATE] BadThenOk [00:00] - Henter (headers)...&#xD;
[UPDATE] BadThenOk [00:00] - Downloader indhold...&#xD;
[OK] BadThenOk (00:00) - PDF gemt korrekt&#xD;
[START] X1 - Klarg�r&#xD;
[MISS] X1 (00:00) - Mangler gyldig URL i metadata - No URL&#xD;
[START] C - Klarg�r&#xD;
[UPDATE] C [00:00] - Henter (headers)...&#xD;
[UPDATE] C [00:00] - Content-Type: text/html - skipper&#xD;
[FAIL] C (00:00) - Fejl (HTTP, IO, timeout, forkert content-type) - Content-Type: text/html&#xD;
[START] X1 - Klarg�r&#xD;
[UPDATE] X1 [00:00] - Henter (headers)...&#xD;
[START] X2 - Klarg�r&#xD;
[UPDATE] X2 [00:00] - Henter (headers)...&#xD;
[START] X3 - Klarg�r&#xD;
[UPDATE] X3 [00:00] - Henter (headers)...&#xD;
[UPDATE] X1 [00:00] - Downloader indhold...&#xD;
[UPDATE] X3 [00:00] - Downloader indhold...&#xD;
[UPDATE] X2 [00:00] - Downloader indhold...&#xD;
[OK] X1 (00:00) - PDF gemt korrekt&#xD;
[OK] X3 (00:00) - PDF gemt korrekt&#xD;
[OK] X2 (00:00) - PDF gemt korrekt&#xD;
[START] X6 - Klarg�r&#xD;
[START] X5 - Klarg�r&#xD;
[UPDATE] X6 [00:00] - Henter (headers)...&#xD;
[UPDATE] X5 [00:00] - Henter (headers)...&#xD;
[START] X4 - Klarg�r&#xD;
[UPDATE] X4 [00:00] - Henter (headers)...&#xD;
[UPDATE] X4 [00:00] - Downloader indhold...&#xD;
[UPDATE] X6 [00:00] - Downloader indhold...&#xD;
[UPDATE] X5 [00:00] - Downloader indhold...&#xD;
[OK] X5 (00:00) - PDF gemt korrekt&#xD;
[OK] X6 (00:00) - PDF gemt korrekt&#xD;
[OK] X4 (00:00) - PDF gemt korrekt&#xD;
[START] X8 - Klarg�r&#xD;
[START] X9 - Klarg�r&#xD;
[START] X7 - Klarg�r&#xD;
[UPDATE] X8 [00:00] - Henter (headers)...&#xD;
[UPDATE] X7 [00:00] - Henter (headers)...&#xD;
[UPDATE] X9 [00:00] - Henter (headers)...&#xD;
[UPDATE] X9 [00:00] - Downloader indhold...&#xD;
[UPDATE] X8 [00:00] - Downloader indhold...&#xD;
[UPDATE] X7 [00:00] - Downloader indhold...&#xD;
[OK] X9 (00:00) - PDF gemt korrekt&#xD;
[START] X10 - Klarg�r&#xD;
[UPDATE] X10 [00:00] - Henter (headers)...&#xD;
[OK] X7 (00:00) - PDF gemt korrekt&#xD;
[START] X11 - Klarg�r&#xD;
[OK] X8 (00:00) - PDF gemt korrekt&#xD;
[UPDATE] X11 [00:00] - Henter (headers)...&#xD;
[START] X12 - Klarg�r&#xD;
[UPDATE] X12 [00:00] - Henter (headers)...&#xD;
[UPDATE] X11 [00:00] - Downloader indhold...&#xD;
[UPDATE] X10 [00:00] - Downloader indhold...&#xD;
[UPDATE] X12 [00:00] - Downloader indhold...&#xD;
[OK] X11 (00:00) - PDF gemt korrekt&#xD;
[OK] X10 (00:00) - PDF gemt korrekt&#xD;
[OK] X12 (00:00) - PDF gemt korrekt&#xD;
[START] A - Klarg�r&#xD;
[UPDATE] A [00:00] - Henter (headers)...&#xD;
[UPDATE] A [00:00] - Downloader indhold...&#xD;
[OK] A (00:00) - PDF gemt korrekt&#xD;
[START] A - Klarg�r&#xD;
[UPDATE] A [00:00] - Henter (headers)...&#xD;
[UPDATE] A [00:00] - Downloader indhold...&#xD;
[OK] A (00:00) - PDF gemt korrekt&#xD;
[START] A - Klarg�r&#xD;
[UPDATE] A [00:00] - Henter (headers)...&#xD;
[UPDATE] A [00:00] - Downloader indhold...&#xD;
[OK] A (00:00) - PDF gemt korrekt&#xD;
[START] A/\:*?"&lt;&gt;| - Klarg�r&#xD;
[UPDATE] A/\:*?"&lt;&gt;| [00:00] - Henter (headers)...&#xD;
[UPDATE] A/\:*?"&lt;&gt;| [00:00] - Downloader indhold...&#xD;
[OK] A/\:*?"&lt;&gt;| (00:00) - PDF gemt korrekt&#xD;
[START] A/\:*?"&lt;&gt;| - Klarg�r&#xD;
[UPDATE] A/\:*?"&lt;&gt;| [00:00] - Henter (headers)...&#xD;
[UPDATE] A/\:*?"&lt;&gt;| [00:00] - Downloader indhold...&#xD;
[SKIP] A/\:*?"&lt;&gt;| (00:00) - Filen findes allerede - No change detected&#xD;
[START] T - Klarg�r&#xD;
[UPDATE] T [00:00] - Henter (headers)...&#xD;
[UPDATE] T [00:00] - Timeout - pr�ver n�ste&#xD;
[FAIL] T (00:00) - Fejl (HTTP, IO, timeout, forkert content-type) - Timeout&#xD;
[START] BR50041 - Klarg�r&#xD;
[UPDATE] BR50041 [00:00] - Henter (headers)...&#xD;
[START] BR50042 - Klarg�r&#xD;
[UPDATE] BR50042 [00:00] - Henter (headers)...&#xD;
[START] BR50043 - Klarg�r&#xD;
[UPDATE] BR50043 [00:00] - Henter (headers)...&#xD;
[UPDATE] BR50043 [00:00] - HTTP 403 - pr�ver n�ste&#xD;
[FAIL] BR50043 (00:00) - Fejl (HTTP, IO, timeout, forkert content-type) - HTTP 403&#xD;
[START] BR50044 - Klarg�r&#xD;
[UPDATE] BR50044 [00:00] - Henter (headers)...&#xD;
[UPDATE] BR50044 [00:00] - Fejl - pr�ver n�ste URL&#xD;
[FAIL] BR50044 (00:00) - Fejl (HTTP, IO, timeout, forkert content-type) - Exception: NotSupportedException&#xD;
[START] BR50045 - Klarg�r&#xD;
[UPDATE] BR50045 [00:00] - Henter (headers)...&#xD;
[UPDATE] BR50041 [00:00] - Content-Type: text/html - skipper&#xD;
[FAIL] BR50041 (00:00) - Fejl (HTTP, IO, timeout, forkert content-type) - Content-Type: text/html&#xD;
[UPDATE] BR50042 [00:00] - Downloader indhold...&#xD;
[UPDATE] BR50045 [00:00] - Downloader indhold...&#xD;
[OK] BR50045 (00:00) - PDF gemt korrekt&#xD;
[OK] BR50042 (00:01) - PDF gemt korrekt&#xD;
Opsummering (denne k�rsel):&#xD;
  Hentet: 2&#xD;
  Skippet (allerede hentet/ingen �ndring): 0&#xD;
  Fejlet: 3&#xD;
  Ingen URL: 0&#xD;
  Fejl fordelt:&#xD;
    - Exception: NotSupportedException: 1&#xD;
    - Content-Type: text/html: 1&#xD;
    - HTTP 403: 1&#xD;
Statusrapport appendet i C:\Users\JohnGrandtMarkvardH�\AppData\Local\Temp\pdf-out-854aab52-e79c-4c1c-9838-4c04df1562a4\status.csv&#xD;
Tr�dstatistik (gennemsnit pr. tr�d):&#xD;
  Tr�d #1: jobs=1, total=00:00, avg=00:00&#xD;
  Tr�d #2: jobs=1, total=00:01, avg=00:01&#xD;
  Tr�d #3: jobs=3, total=00:01, avg=00:00&#xD;
RUN END: 2025-10-15 10:11:17 (varighed: 0:00:07,3708466)&#xD;
[START] BR9158 - Klarg�r&#xD;
[UPDATE] BR9158 [00:00] - Henter (headers)...&#xD;
[START] BR9159 - Klarg�r&#xD;
[UPDATE] BR9159 [00:00] - Henter (headers)...&#xD;
[START] BR9160 - Klarg�r&#xD;
[UPDATE] BR9160 [00:00] - Henter (headers)...&#xD;
[START] BR9161 - Klarg�r&#xD;
[UPDATE] BR9161 [00:00] - Henter (headers)...&#xD;
[UPDATE] BR9160 [00:01] - Downloader indhold...&#xD;
[UPDATE] BR9158 [00:01] - Content-Type: text/html - skipper&#xD;
[FAIL] BR9158 (00:01) - Fejl (HTTP, IO, timeout, forkert content-type) - Content-Type: text/html&#xD;
[START] BR9162 - Klarg�r&#xD;
[UPDATE] BR9162 [00:00] - Henter (headers)...&#xD;
[UPDATE] BR9159 [00:01] - Content-Type: text/html - skipper&#xD;
[FAIL] BR9159 (00:01) - Fejl (HTTP, IO, timeout, forkert content-type) - Content-Type: text/html&#xD;
[UPDATE] BR9162 [00:00] - Fejl - pr�ver n�ste URL&#xD;
[FAIL] BR9162 (00:00) - Fejl (HTTP, IO, timeout, forkert content-type) - Exception: HttpRequestException&#xD;
[UPDATE] BR9161 [00:01] - Content-Type: text/html - skipper&#xD;
[FAIL] BR9161 (00:01) - Fejl (HTTP, IO, timeout, forkert content-type) - Content-Type: text/html&#xD;
[OK] BR9160 (00:02) - PDF gemt korrekt&#xD;
Opsummering (denne k�rsel):&#xD;
  Hentet: 1&#xD;
  Skippet (allerede hentet/ingen �ndring): 0&#xD;
  Fejlet: 4&#xD;
  Ingen URL: 0&#xD;
  Fejl fordelt:&#xD;
    - Content-Type: text/html: 3&#xD;
    - Exception: HttpRequestException: 1&#xD;
Statusrapport appendet i C:\Users\JohnGrandtMarkvardH�\AppData\Local\Temp\pipe-d9679f7f-9d8a-4125-b1bd-83ed02011098\status.csv&#xD;
Tr�dstatistik (gennemsnit pr. tr�d):&#xD;
  Tr�d #1: jobs=2, total=00:01, avg=00:00&#xD;
  Tr�d #2: jobs=1, total=00:01, avg=00:01&#xD;
  Tr�d #3: jobs=1, total=00:02, avg=00:02&#xD;
  Tr�d #4: jobs=1, total=00:01, avg=00:01&#xD;
RUN END: 2025-10-15 10:11:21 (varighed: 0:00:11,7936167)&#xD;
[xUnit.net 00:00:12.83]   Finished:    PdfDownloader.Tests&#xD;
</StdOut>
    </Output>
    <CollectorDataEntries>
      <Collector agentName="SPAC-38-LTP2347" uri="datacollector://microsoft/CoverletCodeCoverage/1.0" collectorDisplayName="XPlat code coverage">
        <UriAttachments>
          <UriAttachment>
            <A href="SPAC-38-LTP2347\coverage.cobertura.xml"></A>
          </UriAttachment>
        </UriAttachments>
      </Collector>
    </CollectorDataEntries>
  </ResultSummary>
</TestRun>